[0.915s] Invoking command in '/home/prukubt/agrirobot_ws/src/agrirobot_core': PYTHONPATH=/home/prukubt/agrirobot_ws/build/agrirobot_core/prefix_override:/home/prukubt/venv/lib/python3.12/site-packages/colcon_core/task/python/colcon_distutils_commands:/home/prukubt/agrirobot_ws/install/agrirobot_core/lib/python3.12/site-packages:${PYTHONPATH} VIRTUAL_ENV_PROMPT=(venv) /home/prukubt/venv/bin/python3 -W ignore:setup.py install is deprecated -W ignore:easy_install command is deprecated setup.py egg_info --egg-base ../../build/agrirobot_core build --build-base /home/prukubt/agrirobot_ws/build/agrirobot_core/build install --record /home/prukubt/agrirobot_ws/build/agrirobot_core/install.log --single-version-externally-managed install_data
[1.229s] running egg_info
[1.247s] writing ../../build/agrirobot_core/agrirobot_core.egg-info/PKG-INFO
[1.248s] writing dependency_links to ../../build/agrirobot_core/agrirobot_core.egg-info/dependency_links.txt
[1.249s] writing entry points to ../../build/agrirobot_core/agrirobot_core.egg-info/entry_points.txt
[1.250s] writing requirements to ../../build/agrirobot_core/agrirobot_core.egg-info/requires.txt
[1.250s] writing top-level names to ../../build/agrirobot_core/agrirobot_core.egg-info/top_level.txt
[1.290s] reading manifest file '../../build/agrirobot_core/agrirobot_core.egg-info/SOURCES.txt'
[1.292s] writing manifest file '../../build/agrirobot_core/agrirobot_core.egg-info/SOURCES.txt'
[1.292s] running build
[1.292s] running build_py
[1.294s] copying agrirobot_core/main.py -> /home/prukubt/agrirobot_ws/build/agrirobot_core/build/lib/agrirobot_core
[1.294s] copying agrirobot_core/showcam.py -> /home/prukubt/agrirobot_ws/build/agrirobot_core/build/lib/agrirobot_core
[1.294s] copying agrirobot_core/MotorTest2.py -> /home/prukubt/agrirobot_ws/build/agrirobot_core/build/lib/agrirobot_core
[1.294s] copying agrirobot_core/__init__.py -> /home/prukubt/agrirobot_ws/build/agrirobot_core/build/lib/agrirobot_core
[1.294s] copying agrirobot_core/DiffdrivePublisher.py -> /home/prukubt/agrirobot_ws/build/agrirobot_core/build/lib/agrirobot_core
[1.294s] copying agrirobot_core/JoyStickPublisher.py -> /home/prukubt/agrirobot_ws/build/agrirobot_core/build/lib/agrirobot_core
[1.295s] running install
[1.301s] running install_lib
[1.320s] running install_data
[1.321s] copying package.xml -> /home/prukubt/agrirobot_ws/install/agrirobot_core/share/agrirobot_core
[1.321s] running install_egg_info
[1.339s] removing '/home/prukubt/agrirobot_ws/install/agrirobot_core/lib/python3.12/site-packages/agrirobot_core-0.0.0-py3.12.egg-info' (and everything under it)
[1.340s] Copying ../../build/agrirobot_core/agrirobot_core.egg-info to /home/prukubt/agrirobot_ws/install/agrirobot_core/lib/python3.12/site-packages/agrirobot_core-0.0.0-py3.12.egg-info
[1.341s] running install_scripts
[1.440s] Installing diffdrive_publisher script to /home/prukubt/agrirobot_ws/install/agrirobot_core/lib/agrirobot_core
[1.441s] Installing joystick_publisher script to /home/prukubt/agrirobot_ws/install/agrirobot_core/lib/agrirobot_core
[1.442s] writing list of installed files to '/home/prukubt/agrirobot_ws/build/agrirobot_core/install.log'
[1.532s] Invoked command in '/home/prukubt/agrirobot_ws/src/agrirobot_core' returned '0': PYTHONPATH=/home/prukubt/agrirobot_ws/build/agrirobot_core/prefix_override:/home/prukubt/venv/lib/python3.12/site-packages/colcon_core/task/python/colcon_distutils_commands:/home/prukubt/agrirobot_ws/install/agrirobot_core/lib/python3.12/site-packages:${PYTHONPATH} VIRTUAL_ENV_PROMPT=(venv) /home/prukubt/venv/bin/python3 -W ignore:setup.py install is deprecated -W ignore:easy_install command is deprecated setup.py egg_info --egg-base ../../build/agrirobot_core build --build-base /home/prukubt/agrirobot_ws/build/agrirobot_core/build install --record /home/prukubt/agrirobot_ws/build/agrirobot_core/install.log --single-version-externally-managed install_data
