running develop
Removing /home/prukubt/agrirobot_ws/install/agrirobot_core/lib/python3.12/site-packages/agrirobot-core.egg-link (link to .)
running egg_info
writing ../../build/agrirobot_core/agrirobot_core.egg-info/PKG-INFO
writing dependency_links to ../../build/agrirobot_core/agrirobot_core.egg-info/dependency_links.txt
writing entry points to ../../build/agrirobot_core/agrirobot_core.egg-info/entry_points.txt
writing requirements to ../../build/agrirobot_core/agrirobot_core.egg-info/requires.txt
writing top-level names to ../../build/agrirobot_core/agrirobot_core.egg-info/top_level.txt
reading manifest file '../../build/agrirobot_core/agrirobot_core.egg-info/SOURCES.txt'
writing manifest file '../../build/agrirobot_core/agrirobot_core.egg-info/SOURCES.txt'
running build
running build_py
creating /home/prukubt/agrirobot_ws/build/agrirobot_core/build/lib/agrirobot_core
copying agrirobot_core/main.py -> /home/prukubt/agrirobot_ws/build/agrirobot_core/build/lib/agrirobot_core
copying agrirobot_core/showcam.py -> /home/prukubt/agrirobot_ws/build/agrirobot_core/build/lib/agrirobot_core
copying agrirobot_core/MotorTest2.py -> /home/prukubt/agrirobot_ws/build/agrirobot_core/build/lib/agrirobot_core
copying agrirobot_core/__init__.py -> /home/prukubt/agrirobot_ws/build/agrirobot_core/build/lib/agrirobot_core
copying agrirobot_core/DiffdrivePublisher.py -> /home/prukubt/agrirobot_ws/build/agrirobot_core/build/lib/agrirobot_core
copying agrirobot_core/JoyStickPublisher.py -> /home/prukubt/agrirobot_ws/build/agrirobot_core/build/lib/agrirobot_core
running install
running install_lib
creating /home/prukubt/agrirobot_ws/install/agrirobot_core/lib/python3.12/site-packages/agrirobot_core
copying /home/prukubt/agrirobot_ws/build/agrirobot_core/build/lib/agrirobot_core/main.py -> /home/prukubt/agrirobot_ws/install/agrirobot_core/lib/python3.12/site-packages/agrirobot_core
copying /home/prukubt/agrirobot_ws/build/agrirobot_core/build/lib/agrirobot_core/showcam.py -> /home/prukubt/agrirobot_ws/install/agrirobot_core/lib/python3.12/site-packages/agrirobot_core
copying /home/prukubt/agrirobot_ws/build/agrirobot_core/build/lib/agrirobot_core/MotorTest2.py -> /home/prukubt/agrirobot_ws/install/agrirobot_core/lib/python3.12/site-packages/agrirobot_core
copying /home/prukubt/agrirobot_ws/build/agrirobot_core/build/lib/agrirobot_core/__init__.py -> /home/prukubt/agrirobot_ws/install/agrirobot_core/lib/python3.12/site-packages/agrirobot_core
copying /home/prukubt/agrirobot_ws/build/agrirobot_core/build/lib/agrirobot_core/DiffdrivePublisher.py -> /home/prukubt/agrirobot_ws/install/agrirobot_core/lib/python3.12/site-packages/agrirobot_core
copying /home/prukubt/agrirobot_ws/build/agrirobot_core/build/lib/agrirobot_core/JoyStickPublisher.py -> /home/prukubt/agrirobot_ws/install/agrirobot_core/lib/python3.12/site-packages/agrirobot_core
byte-compiling /home/prukubt/agrirobot_ws/install/agrirobot_core/lib/python3.12/site-packages/agrirobot_core/main.py to main.cpython-312.pyc
byte-compiling /home/prukubt/agrirobot_ws/install/agrirobot_core/lib/python3.12/site-packages/agrirobot_core/showcam.py to showcam.cpython-312.pyc
byte-compiling /home/prukubt/agrirobot_ws/install/agrirobot_core/lib/python3.12/site-packages/agrirobot_core/MotorTest2.py to MotorTest2.cpython-312.pyc
byte-compiling /home/prukubt/agrirobot_ws/install/agrirobot_core/lib/python3.12/site-packages/agrirobot_core/__init__.py to __init__.cpython-312.pyc
byte-compiling /home/prukubt/agrirobot_ws/install/agrirobot_core/lib/python3.12/site-packages/agrirobot_core/DiffdrivePublisher.py to DiffdrivePublisher.cpython-312.pyc
byte-compiling /home/prukubt/agrirobot_ws/install/agrirobot_core/lib/python3.12/site-packages/agrirobot_core/JoyStickPublisher.py to JoyStickPublisher.cpython-312.pyc
running install_data
copying resource/agrirobot_core -> /home/prukubt/agrirobot_ws/install/agrirobot_core/share/ament_index/resource_index/packages
copying package.xml -> /home/prukubt/agrirobot_ws/install/agrirobot_core/share/agrirobot_core
error: can't copy 'launch/ros_launch.py': doesn't exist or not a regular file
