[0.902s] Invoking command in '/home/prukubt/agrirobot_ws/build/agrirobot_core': PYTHONPATH=/home/prukubt/agrirobot_ws/build/agrirobot_core/prefix_override:/home/prukubt/venv/lib/python3.12/site-packages/colcon_core/task/python/colcon_distutils_commands:/home/prukubt/agrirobot_ws/install/agrirobot_core/lib/python3.12/site-packages:${PYTHONPATH} VIRTUAL_ENV_PROMPT=(venv) /home/prukubt/venv/bin/python3 -W ignore:setup.py install is deprecated -W ignore:easy_install command is deprecated setup.py develop --uninstall --editable --build-directory /home/prukubt/agrirobot_ws/build/agrirobot_core/build
[1.227s] running develop
[1.393s] Removing /home/prukubt/agrirobot_ws/install/agrirobot_core/lib/python3.12/site-packages/agrirobot-core.egg-link (link to .)
[1.470s] Invoked command in '/home/prukubt/agrirobot_ws/build/agrirobot_core' returned '0': PYTHONPATH=/home/prukubt/agrirobot_ws/build/agrirobot_core/prefix_override:/home/prukubt/venv/lib/python3.12/site-packages/colcon_core/task/python/colcon_distutils_commands:/home/prukubt/agrirobot_ws/install/agrirobot_core/lib/python3.12/site-packages:${PYTHONPATH} VIRTUAL_ENV_PROMPT=(venv) /home/prukubt/venv/bin/python3 -W ignore:setup.py install is deprecated -W ignore:easy_install command is deprecated setup.py develop --uninstall --editable --build-directory /home/prukubt/agrirobot_ws/build/agrirobot_core/build
[1.473s] Invoking command in '/home/prukubt/agrirobot_ws/src/agrirobot_core': PYTHONPATH=/home/prukubt/agrirobot_ws/build/agrirobot_core/prefix_override:/home/prukubt/venv/lib/python3.12/site-packages/colcon_core/task/python/colcon_distutils_commands:/home/prukubt/agrirobot_ws/install/agrirobot_core/lib/python3.12/site-packages:${PYTHONPATH} VIRTUAL_ENV_PROMPT=(venv) /home/prukubt/venv/bin/python3 -W ignore:setup.py install is deprecated -W ignore:easy_install command is deprecated setup.py egg_info --egg-base ../../build/agrirobot_core build --build-base /home/prukubt/agrirobot_ws/build/agrirobot_core/build install --record /home/prukubt/agrirobot_ws/build/agrirobot_core/install.log --single-version-externally-managed install_data --force
[1.785s] running egg_info
[1.802s] writing ../../build/agrirobot_core/agrirobot_core.egg-info/PKG-INFO
[1.802s] writing dependency_links to ../../build/agrirobot_core/agrirobot_core.egg-info/dependency_links.txt
[1.803s] writing entry points to ../../build/agrirobot_core/agrirobot_core.egg-info/entry_points.txt
[1.804s] writing requirements to ../../build/agrirobot_core/agrirobot_core.egg-info/requires.txt
[1.804s] writing top-level names to ../../build/agrirobot_core/agrirobot_core.egg-info/top_level.txt
[1.845s] reading manifest file '../../build/agrirobot_core/agrirobot_core.egg-info/SOURCES.txt'
[1.846s] writing manifest file '../../build/agrirobot_core/agrirobot_core.egg-info/SOURCES.txt'
[1.846s] running build
[1.847s] running build_py
[1.847s] creating /home/prukubt/agrirobot_ws/build/agrirobot_core/build/lib/agrirobot_core
[1.847s] copying agrirobot_core/main.py -> /home/prukubt/agrirobot_ws/build/agrirobot_core/build/lib/agrirobot_core
[1.848s] copying agrirobot_core/showcam.py -> /home/prukubt/agrirobot_ws/build/agrirobot_core/build/lib/agrirobot_core
[1.848s] copying agrirobot_core/MotorTest2.py -> /home/prukubt/agrirobot_ws/build/agrirobot_core/build/lib/agrirobot_core
[1.848s] copying agrirobot_core/__init__.py -> /home/prukubt/agrirobot_ws/build/agrirobot_core/build/lib/agrirobot_core
[1.849s] copying agrirobot_core/DiffdrivePublisher.py -> /home/prukubt/agrirobot_ws/build/agrirobot_core/build/lib/agrirobot_core
[1.849s] copying agrirobot_core/JoyStickPublisher.py -> /home/prukubt/agrirobot_ws/build/agrirobot_core/build/lib/agrirobot_core
[1.849s] running install
[1.855s] running install_lib
[1.873s] creating /home/prukubt/agrirobot_ws/install/agrirobot_core/lib/python3.12/site-packages/agrirobot_core
[1.874s] copying /home/prukubt/agrirobot_ws/build/agrirobot_core/build/lib/agrirobot_core/main.py -> /home/prukubt/agrirobot_ws/install/agrirobot_core/lib/python3.12/site-packages/agrirobot_core
[1.874s] copying /home/prukubt/agrirobot_ws/build/agrirobot_core/build/lib/agrirobot_core/showcam.py -> /home/prukubt/agrirobot_ws/install/agrirobot_core/lib/python3.12/site-packages/agrirobot_core
[1.874s] copying /home/prukubt/agrirobot_ws/build/agrirobot_core/build/lib/agrirobot_core/MotorTest2.py -> /home/prukubt/agrirobot_ws/install/agrirobot_core/lib/python3.12/site-packages/agrirobot_core
[1.874s] copying /home/prukubt/agrirobot_ws/build/agrirobot_core/build/lib/agrirobot_core/__init__.py -> /home/prukubt/agrirobot_ws/install/agrirobot_core/lib/python3.12/site-packages/agrirobot_core
[1.874s] copying /home/prukubt/agrirobot_ws/build/agrirobot_core/build/lib/agrirobot_core/DiffdrivePublisher.py -> /home/prukubt/agrirobot_ws/install/agrirobot_core/lib/python3.12/site-packages/agrirobot_core
[1.874s] copying /home/prukubt/agrirobot_ws/build/agrirobot_core/build/lib/agrirobot_core/JoyStickPublisher.py -> /home/prukubt/agrirobot_ws/install/agrirobot_core/lib/python3.12/site-packages/agrirobot_core
[1.875s] byte-compiling /home/prukubt/agrirobot_ws/install/agrirobot_core/lib/python3.12/site-packages/agrirobot_core/main.py to main.cpython-312.pyc
[1.876s] byte-compiling /home/prukubt/agrirobot_ws/install/agrirobot_core/lib/python3.12/site-packages/agrirobot_core/showcam.py to showcam.cpython-312.pyc
[1.877s] byte-compiling /home/prukubt/agrirobot_ws/install/agrirobot_core/lib/python3.12/site-packages/agrirobot_core/MotorTest2.py to MotorTest2.cpython-312.pyc
[1.878s] byte-compiling /home/prukubt/agrirobot_ws/install/agrirobot_core/lib/python3.12/site-packages/agrirobot_core/__init__.py to __init__.cpython-312.pyc
[1.879s] byte-compiling /home/prukubt/agrirobot_ws/install/agrirobot_core/lib/python3.12/site-packages/agrirobot_core/DiffdrivePublisher.py to DiffdrivePublisher.cpython-312.pyc
[1.879s] byte-compiling /home/prukubt/agrirobot_ws/install/agrirobot_core/lib/python3.12/site-packages/agrirobot_core/JoyStickPublisher.py to JoyStickPublisher.cpython-312.pyc
[1.880s] running install_data
[1.880s] copying resource/agrirobot_core -> /home/prukubt/agrirobot_ws/install/agrirobot_core/share/ament_index/resource_index/packages
[1.881s] copying package.xml -> /home/prukubt/agrirobot_ws/install/agrirobot_core/share/agrirobot_core
[1.882s] error: can't copy 'launch/ros_launch.py': doesn't exist or not a regular file
[1.943s] Invoked command in '/home/prukubt/agrirobot_ws/src/agrirobot_core' returned '1': PYTHONPATH=/home/prukubt/agrirobot_ws/build/agrirobot_core/prefix_override:/home/prukubt/venv/lib/python3.12/site-packages/colcon_core/task/python/colcon_distutils_commands:/home/prukubt/agrirobot_ws/install/agrirobot_core/lib/python3.12/site-packages:${PYTHONPATH} VIRTUAL_ENV_PROMPT=(venv) /home/prukubt/venv/bin/python3 -W ignore:setup.py install is deprecated -W ignore:easy_install command is deprecated setup.py egg_info --egg-base ../../build/agrirobot_core build --build-base /home/prukubt/agrirobot_ws/build/agrirobot_core/build install --record /home/prukubt/agrirobot_ws/build/agrirobot_core/install.log --single-version-externally-managed install_data --force
