[1.030s] Invoking command in '/home/prukubt/agrirobot_ws/src/agrirobot_core': PYTHONPATH=/home/prukubt/agrirobot_ws/build/agrirobot_core/prefix_override:/usr/lib/python3/dist-packages/colcon_core/task/python/colcon_distutils_commands:/home/prukubt/agrirobot_ws/install/agrirobot_core/lib/python3.12/site-packages:${PYTHONPATH} VIRTUAL_ENV_PROMPT=(venv) /usr/bin/python3 -W ignore:setup.py install is deprecated -W ignore:easy_install command is deprecated setup.py egg_info --egg-base ../../build/agrirobot_core build --build-base /home/prukubt/agrirobot_ws/build/agrirobot_core/build install --record /home/prukubt/agrirobot_ws/build/agrirobot_core/install.log --single-version-externally-managed install_data
[1.339s] running egg_info
[1.358s] writing ../../build/agrirobot_core/agrirobot_core.egg-info/PKG-INFO
[1.358s] writing dependency_links to ../../build/agrirobot_core/agrirobot_core.egg-info/dependency_links.txt
[1.359s] writing entry points to ../../build/agrirobot_core/agrirobot_core.egg-info/entry_points.txt
[1.359s] writing requirements to ../../build/agrirobot_core/agrirobot_core.egg-info/requires.txt
[1.360s] writing top-level names to ../../build/agrirobot_core/agrirobot_core.egg-info/top_level.txt
[1.383s] file DiffdrivePublisher.py (for module DiffdrivePublisher) not found
[1.401s] reading manifest file '../../build/agrirobot_core/agrirobot_core.egg-info/SOURCES.txt'
[1.402s] writing manifest file '../../build/agrirobot_core/agrirobot_core.egg-info/SOURCES.txt'
[1.402s] running build
[1.402s] running build_py
[1.403s] file DiffdrivePublisher.py (for module DiffdrivePublisher) not found
[1.403s] running install
[1.403s] file DiffdrivePublisher.py (for module DiffdrivePublisher) not found
[1.412s] running install_lib
[1.432s] running install_data
[1.432s] creating /home/prukubt/agrirobot_ws/install/agrirobot_core/share/agrirobot_core/launch
[1.432s] error: can't copy 'launch/Ros_lunch.py': doesn't exist or not a regular file
[1.485s] Invoked command in '/home/prukubt/agrirobot_ws/src/agrirobot_core' returned '1': PYTHONPATH=/home/prukubt/agrirobot_ws/build/agrirobot_core/prefix_override:/usr/lib/python3/dist-packages/colcon_core/task/python/colcon_distutils_commands:/home/prukubt/agrirobot_ws/install/agrirobot_core/lib/python3.12/site-packages:${PYTHONPATH} VIRTUAL_ENV_PROMPT=(venv) /usr/bin/python3 -W ignore:setup.py install is deprecated -W ignore:easy_install command is deprecated setup.py egg_info --egg-base ../../build/agrirobot_core build --build-base /home/prukubt/agrirobot_ws/build/agrirobot_core/build install --record /home/prukubt/agrirobot_ws/build/agrirobot_core/install.log --single-version-externally-managed install_data
