[1.422s] Invoking command in '/home/prukubt/agrirobot_ws/build/agrirobot_core': PYTHONPATH=/home/prukubt/agrirobot_ws/build/agrirobot_core/prefix_override:/usr/lib/python3/dist-packages/colcon_core/task/python/colcon_distutils_commands:/home/prukubt/agrirobot_ws/install/agrirobot_core/lib/python3.12/site-packages:${PYTHONPATH} VIRTUAL_ENV_PROMPT=(venv) /usr/bin/python3 -W ignore:setup.py install is deprecated -W ignore:easy_install command is deprecated setup.py develop --uninstall --editable --build-directory /home/prukubt/agrirobot_ws/build/agrirobot_core/build
[1.806s] running develop
[2.013s] Removing /home/prukubt/agrirobot_ws/install/agrirobot_core/lib/python3.12/site-packages/agrirobot-core.egg-link (link to .)
[2.096s] Invoked command in '/home/prukubt/agrirobot_ws/build/agrirobot_core' returned '0': PYTHONPATH=/home/prukubt/agrirobot_ws/build/agrirobot_core/prefix_override:/usr/lib/python3/dist-packages/colcon_core/task/python/colcon_distutils_commands:/home/prukubt/agrirobot_ws/install/agrirobot_core/lib/python3.12/site-packages:${PYTHONPATH} VIRTUAL_ENV_PROMPT=(venv) /usr/bin/python3 -W ignore:setup.py install is deprecated -W ignore:easy_install command is deprecated setup.py develop --uninstall --editable --build-directory /home/prukubt/agrirobot_ws/build/agrirobot_core/build
[2.098s] Invoking command in '/home/prukubt/agrirobot_ws/src/agrirobot_core': PYTHONPATH=/home/prukubt/agrirobot_ws/build/agrirobot_core/prefix_override:/usr/lib/python3/dist-packages/colcon_core/task/python/colcon_distutils_commands:/home/prukubt/agrirobot_ws/install/agrirobot_core/lib/python3.12/site-packages:${PYTHONPATH} VIRTUAL_ENV_PROMPT=(venv) /usr/bin/python3 -W ignore:setup.py install is deprecated -W ignore:easy_install command is deprecated setup.py egg_info --egg-base ../../build/agrirobot_core build --build-base /home/prukubt/agrirobot_ws/build/agrirobot_core/build install --record /home/prukubt/agrirobot_ws/build/agrirobot_core/install.log --single-version-externally-managed install_data --force
[2.407s] running egg_info
[2.480s] writing ../../build/agrirobot_core/agrirobot_core.egg-info/PKG-INFO
[2.481s] writing dependency_links to ../../build/agrirobot_core/agrirobot_core.egg-info/dependency_links.txt
[2.481s] writing entry points to ../../build/agrirobot_core/agrirobot_core.egg-info/entry_points.txt
[2.481s] writing requirements to ../../build/agrirobot_core/agrirobot_core.egg-info/requires.txt
[2.482s] writing top-level names to ../../build/agrirobot_core/agrirobot_core.egg-info/top_level.txt
[2.503s] file DiffdrivePublisher.py (for module DiffdrivePublisher) not found
[2.522s] reading manifest file '../../build/agrirobot_core/agrirobot_core.egg-info/SOURCES.txt'
[2.524s] writing manifest file '../../build/agrirobot_core/agrirobot_core.egg-info/SOURCES.txt'
[2.524s] running build
[2.524s] running build_py
[2.524s] file DiffdrivePublisher.py (for module DiffdrivePublisher) not found
[2.524s] creating /home/prukubt/agrirobot_ws/build/agrirobot_core/build
[2.525s] creating /home/prukubt/agrirobot_ws/build/agrirobot_core/build/lib
[2.525s] creating /home/prukubt/agrirobot_ws/build/agrirobot_core/build/lib/agrirobot_core
[2.525s] copying agrirobot_core/main.py -> /home/prukubt/agrirobot_ws/build/agrirobot_core/build/lib/agrirobot_core
[2.525s] copying agrirobot_core/showcam.py -> /home/prukubt/agrirobot_ws/build/agrirobot_core/build/lib/agrirobot_core
[2.525s] copying agrirobot_core/MotorTest2.py -> /home/prukubt/agrirobot_ws/build/agrirobot_core/build/lib/agrirobot_core
[2.525s] copying agrirobot_core/__init__.py -> /home/prukubt/agrirobot_ws/build/agrirobot_core/build/lib/agrirobot_core
[2.525s] copying agrirobot_core/DiffdrivePublisher.py -> /home/prukubt/agrirobot_ws/build/agrirobot_core/build/lib/agrirobot_core
[2.526s] file DiffdrivePublisher.py (for module DiffdrivePublisher) not found
[2.526s] running install
[2.535s] running install_lib
[2.555s] creating /home/prukubt/agrirobot_ws/install/agrirobot_core/lib/python3.12/site-packages/agrirobot_core
[2.555s] copying /home/prukubt/agrirobot_ws/build/agrirobot_core/build/lib/agrirobot_core/main.py -> /home/prukubt/agrirobot_ws/install/agrirobot_core/lib/python3.12/site-packages/agrirobot_core
[2.555s] copying /home/prukubt/agrirobot_ws/build/agrirobot_core/build/lib/agrirobot_core/showcam.py -> /home/prukubt/agrirobot_ws/install/agrirobot_core/lib/python3.12/site-packages/agrirobot_core
[2.556s] copying /home/prukubt/agrirobot_ws/build/agrirobot_core/build/lib/agrirobot_core/MotorTest2.py -> /home/prukubt/agrirobot_ws/install/agrirobot_core/lib/python3.12/site-packages/agrirobot_core
[2.556s] copying /home/prukubt/agrirobot_ws/build/agrirobot_core/build/lib/agrirobot_core/__init__.py -> /home/prukubt/agrirobot_ws/install/agrirobot_core/lib/python3.12/site-packages/agrirobot_core
[2.556s] copying /home/prukubt/agrirobot_ws/build/agrirobot_core/build/lib/agrirobot_core/DiffdrivePublisher.py -> /home/prukubt/agrirobot_ws/install/agrirobot_core/lib/python3.12/site-packages/agrirobot_core
[2.557s] byte-compiling /home/prukubt/agrirobot_ws/install/agrirobot_core/lib/python3.12/site-packages/agrirobot_core/main.py to main.cpython-312.pyc
[2.558s] byte-compiling /home/prukubt/agrirobot_ws/install/agrirobot_core/lib/python3.12/site-packages/agrirobot_core/showcam.py to showcam.cpython-312.pyc
[2.558s] byte-compiling /home/prukubt/agrirobot_ws/install/agrirobot_core/lib/python3.12/site-packages/agrirobot_core/MotorTest2.py to MotorTest2.cpython-312.pyc
[2.559s] byte-compiling /home/prukubt/agrirobot_ws/install/agrirobot_core/lib/python3.12/site-packages/agrirobot_core/__init__.py to __init__.cpython-312.pyc
[2.560s] byte-compiling /home/prukubt/agrirobot_ws/install/agrirobot_core/lib/python3.12/site-packages/agrirobot_core/DiffdrivePublisher.py to DiffdrivePublisher.cpython-312.pyc
[2.560s] running install_data
[2.561s] copying resource/agrirobot_core -> /home/prukubt/agrirobot_ws/install/agrirobot_core/share/ament_index/resource_index/packages
[2.561s] copying package.xml -> /home/prukubt/agrirobot_ws/install/agrirobot_core/share/agrirobot_core
[2.561s] running install_egg_info
[2.582s] Copying ../../build/agrirobot_core/agrirobot_core.egg-info to /home/prukubt/agrirobot_ws/install/agrirobot_core/lib/python3.12/site-packages/agrirobot_core-0.0.1-py3.12.egg-info
[2.584s] running install_scripts
[2.730s] Installing DiffdrivePublisher script to /home/prukubt/agrirobot_ws/install/agrirobot_core/lib/agrirobot_core
[2.730s] file DiffdrivePublisher.py (for module DiffdrivePublisher) not found
[2.730s] writing list of installed files to '/home/prukubt/agrirobot_ws/build/agrirobot_core/install.log'
[2.811s] Invoked command in '/home/prukubt/agrirobot_ws/src/agrirobot_core' returned '0': PYTHONPATH=/home/prukubt/agrirobot_ws/build/agrirobot_core/prefix_override:/usr/lib/python3/dist-packages/colcon_core/task/python/colcon_distutils_commands:/home/prukubt/agrirobot_ws/install/agrirobot_core/lib/python3.12/site-packages:${PYTHONPATH} VIRTUAL_ENV_PROMPT=(venv) /usr/bin/python3 -W ignore:setup.py install is deprecated -W ignore:easy_install command is deprecated setup.py egg_info --egg-base ../../build/agrirobot_core build --build-base /home/prukubt/agrirobot_ws/build/agrirobot_core/build install --record /home/prukubt/agrirobot_ws/build/agrirobot_core/install.log --single-version-externally-managed install_data --force
