[0.180s] DEBUG:colcon:Command line arguments: ['/home/prukubt/venv/bin/colcon', 'build']
[0.180s] DEBUG:colcon:Parsed command line arguments: Namespace(log_base=None, log_level=None, verb_name='build', build_base='build', install_base='install', merge_install=False, symlink_install=False, test_result_base=None, continue_on_error=False, executor='parallel', parallel_workers=4, event_handlers=None, ignore_user_meta=False, metas=['./colcon.meta'], base_paths=['.'], packages_ignore=None, packages_ignore_regex=None, paths=None, packages_up_to=None, packages_up_to_regex=None, packages_above=None, packages_above_and_dependencies=None, packages_above_depth=None, packages_select_by_dep=None, packages_skip_by_dep=None, packages_skip_up_to=None, packages_select_build_failed=False, packages_skip_build_finished=False, packages_select_test_failures=False, packages_skip_test_passed=False, packages_select=None, packages_skip=None, packages_select_regex=None, packages_skip_regex=None, packages_start=None, packages_end=None, cmake_args=None, cmake_target=None, cmake_target_skip_unavailable=False, cmake_clean_cache=False, cmake_clean_first=False, cmake_force_configure=False, ament_cmake_args=None, catkin_cmake_args=None, catkin_skip_building_tests=False, verb_parser=<colcon_defaults.argument_parser.defaults.DefaultArgumentsDecorator object at 0xffff8c00c530>, verb_extension=<colcon_core.verb.build.BuildVerb object at 0xffff8c00c2c0>, main=<bound method BuildVerb.main of <colcon_core.verb.build.BuildVerb object at 0xffff8c00c2c0>>)
[0.233s] Level 1:colcon.colcon_core.package_discovery:discover_packages(colcon_meta) check parameters
[0.233s] Level 1:colcon.colcon_core.package_discovery:discover_packages(recursive) check parameters
[0.233s] Level 1:colcon.colcon_core.package_discovery:discover_packages(ignore) check parameters
[0.233s] Level 1:colcon.colcon_core.package_discovery:discover_packages(path) check parameters
[0.233s] Level 1:colcon.colcon_core.package_discovery:discover_packages(colcon_meta) discover
[0.233s] Level 1:colcon.colcon_core.package_discovery:discover_packages(recursive) discover
[0.233s] INFO:colcon.colcon_core.package_discovery:Crawling recursively for packages in '/home/prukubt/agrirobot_ws'
[0.233s] Level 1:colcon.colcon_core.package_identification:_identify(.) by extensions ['ignore', 'ignore_ament_install']
[0.233s] Level 1:colcon.colcon_core.package_identification:_identify(.) by extension 'ignore'
[0.233s] Level 1:colcon.colcon_core.package_identification:_identify(.) by extension 'ignore_ament_install'
[0.234s] Level 1:colcon.colcon_core.package_identification:_identify(.) by extensions ['colcon_pkg']
[0.234s] Level 1:colcon.colcon_core.package_identification:_identify(.) by extension 'colcon_pkg'
[0.234s] Level 1:colcon.colcon_core.package_identification:_identify(.) by extensions ['colcon_meta']
[0.234s] Level 1:colcon.colcon_core.package_identification:_identify(.) by extension 'colcon_meta'
[0.234s] Level 1:colcon.colcon_core.package_identification:_identify(.) by extensions ['ros']
[0.234s] Level 1:colcon.colcon_core.package_identification:_identify(.) by extension 'ros'
[0.272s] Level 1:colcon.colcon_core.package_identification:_identify(.) by extensions ['cmake', 'python']
[0.272s] Level 1:colcon.colcon_core.package_identification:_identify(.) by extension 'cmake'
[0.272s] Level 1:colcon.colcon_core.package_identification:_identify(.) by extension 'python'
[0.272s] Level 1:colcon.colcon_core.package_identification:_identify(.) by extensions ['python_setup_py']
[0.272s] Level 1:colcon.colcon_core.package_identification:_identify(.) by extension 'python_setup_py'
[0.272s] Level 1:colcon.colcon_core.package_identification:_identify(build) by extensions ['ignore', 'ignore_ament_install']
[0.272s] Level 1:colcon.colcon_core.package_identification:_identify(build) by extension 'ignore'
[0.272s] Level 1:colcon.colcon_core.package_identification:_identify(build) ignored
[0.272s] Level 1:colcon.colcon_core.package_identification:_identify(esp32) by extensions ['ignore', 'ignore_ament_install']
[0.273s] Level 1:colcon.colcon_core.package_identification:_identify(esp32) by extension 'ignore'
[0.273s] Level 1:colcon.colcon_core.package_identification:_identify(esp32) by extension 'ignore_ament_install'
[0.273s] Level 1:colcon.colcon_core.package_identification:_identify(esp32) by extensions ['colcon_pkg']
[0.273s] Level 1:colcon.colcon_core.package_identification:_identify(esp32) by extension 'colcon_pkg'
[0.273s] Level 1:colcon.colcon_core.package_identification:_identify(esp32) by extensions ['colcon_meta']
[0.273s] Level 1:colcon.colcon_core.package_identification:_identify(esp32) by extension 'colcon_meta'
[0.273s] Level 1:colcon.colcon_core.package_identification:_identify(esp32) by extensions ['ros']
[0.273s] Level 1:colcon.colcon_core.package_identification:_identify(esp32) by extension 'ros'
[0.273s] Level 1:colcon.colcon_core.package_identification:_identify(esp32) by extensions ['cmake', 'python']
[0.273s] Level 1:colcon.colcon_core.package_identification:_identify(esp32) by extension 'cmake'
[0.273s] Level 1:colcon.colcon_core.package_identification:_identify(esp32) by extension 'python'
[0.273s] Level 1:colcon.colcon_core.package_identification:_identify(esp32) by extensions ['python_setup_py']
[0.273s] Level 1:colcon.colcon_core.package_identification:_identify(esp32) by extension 'python_setup_py'
[0.273s] Level 1:colcon.colcon_core.package_identification:_identify(esp32/include) by extensions ['ignore', 'ignore_ament_install']
[0.273s] Level 1:colcon.colcon_core.package_identification:_identify(esp32/include) by extension 'ignore'
[0.273s] Level 1:colcon.colcon_core.package_identification:_identify(esp32/include) by extension 'ignore_ament_install'
[0.274s] Level 1:colcon.colcon_core.package_identification:_identify(esp32/include) by extensions ['colcon_pkg']
[0.274s] Level 1:colcon.colcon_core.package_identification:_identify(esp32/include) by extension 'colcon_pkg'
[0.274s] Level 1:colcon.colcon_core.package_identification:_identify(esp32/include) by extensions ['colcon_meta']
[0.274s] Level 1:colcon.colcon_core.package_identification:_identify(esp32/include) by extension 'colcon_meta'
[0.274s] Level 1:colcon.colcon_core.package_identification:_identify(esp32/include) by extensions ['ros']
[0.274s] Level 1:colcon.colcon_core.package_identification:_identify(esp32/include) by extension 'ros'
[0.274s] Level 1:colcon.colcon_core.package_identification:_identify(esp32/include) by extensions ['cmake', 'python']
[0.274s] Level 1:colcon.colcon_core.package_identification:_identify(esp32/include) by extension 'cmake'
[0.274s] Level 1:colcon.colcon_core.package_identification:_identify(esp32/include) by extension 'python'
[0.274s] Level 1:colcon.colcon_core.package_identification:_identify(esp32/include) by extensions ['python_setup_py']
[0.274s] Level 1:colcon.colcon_core.package_identification:_identify(esp32/include) by extension 'python_setup_py'
[0.274s] Level 1:colcon.colcon_core.package_identification:_identify(esp32/lib) by extensions ['ignore', 'ignore_ament_install']
[0.274s] Level 1:colcon.colcon_core.package_identification:_identify(esp32/lib) by extension 'ignore'
[0.274s] Level 1:colcon.colcon_core.package_identification:_identify(esp32/lib) by extension 'ignore_ament_install'
[0.274s] Level 1:colcon.colcon_core.package_identification:_identify(esp32/lib) by extensions ['colcon_pkg']
[0.274s] Level 1:colcon.colcon_core.package_identification:_identify(esp32/lib) by extension 'colcon_pkg'
[0.274s] Level 1:colcon.colcon_core.package_identification:_identify(esp32/lib) by extensions ['colcon_meta']
[0.274s] Level 1:colcon.colcon_core.package_identification:_identify(esp32/lib) by extension 'colcon_meta'
[0.274s] Level 1:colcon.colcon_core.package_identification:_identify(esp32/lib) by extensions ['ros']
[0.274s] Level 1:colcon.colcon_core.package_identification:_identify(esp32/lib) by extension 'ros'
[0.275s] Level 1:colcon.colcon_core.package_identification:_identify(esp32/lib) by extensions ['cmake', 'python']
[0.275s] Level 1:colcon.colcon_core.package_identification:_identify(esp32/lib) by extension 'cmake'
[0.275s] Level 1:colcon.colcon_core.package_identification:_identify(esp32/lib) by extension 'python'
[0.275s] Level 1:colcon.colcon_core.package_identification:_identify(esp32/lib) by extensions ['python_setup_py']
[0.275s] Level 1:colcon.colcon_core.package_identification:_identify(esp32/lib) by extension 'python_setup_py'
[0.275s] Level 1:colcon.colcon_core.package_identification:_identify(esp32/src) by extensions ['ignore', 'ignore_ament_install']
[0.275s] Level 1:colcon.colcon_core.package_identification:_identify(esp32/src) by extension 'ignore'
[0.275s] Level 1:colcon.colcon_core.package_identification:_identify(esp32/src) by extension 'ignore_ament_install'
[0.275s] Level 1:colcon.colcon_core.package_identification:_identify(esp32/src) by extensions ['colcon_pkg']
[0.275s] Level 1:colcon.colcon_core.package_identification:_identify(esp32/src) by extension 'colcon_pkg'
[0.275s] Level 1:colcon.colcon_core.package_identification:_identify(esp32/src) by extensions ['colcon_meta']
[0.275s] Level 1:colcon.colcon_core.package_identification:_identify(esp32/src) by extension 'colcon_meta'
[0.275s] Level 1:colcon.colcon_core.package_identification:_identify(esp32/src) by extensions ['ros']
[0.275s] Level 1:colcon.colcon_core.package_identification:_identify(esp32/src) by extension 'ros'
[0.275s] Level 1:colcon.colcon_core.package_identification:_identify(esp32/src) by extensions ['cmake', 'python']
[0.275s] Level 1:colcon.colcon_core.package_identification:_identify(esp32/src) by extension 'cmake'
[0.275s] Level 1:colcon.colcon_core.package_identification:_identify(esp32/src) by extension 'python'
[0.275s] Level 1:colcon.colcon_core.package_identification:_identify(esp32/src) by extensions ['python_setup_py']
[0.275s] Level 1:colcon.colcon_core.package_identification:_identify(esp32/src) by extension 'python_setup_py'
[0.276s] Level 1:colcon.colcon_core.package_identification:_identify(esp32/src/node_1) by extensions ['ignore', 'ignore_ament_install']
[0.276s] Level 1:colcon.colcon_core.package_identification:_identify(esp32/src/node_1) by extension 'ignore'
[0.276s] Level 1:colcon.colcon_core.package_identification:_identify(esp32/src/node_1) by extension 'ignore_ament_install'
[0.276s] Level 1:colcon.colcon_core.package_identification:_identify(esp32/src/node_1) by extensions ['colcon_pkg']
[0.276s] Level 1:colcon.colcon_core.package_identification:_identify(esp32/src/node_1) by extension 'colcon_pkg'
[0.276s] Level 1:colcon.colcon_core.package_identification:_identify(esp32/src/node_1) by extensions ['colcon_meta']
[0.276s] Level 1:colcon.colcon_core.package_identification:_identify(esp32/src/node_1) by extension 'colcon_meta'
[0.276s] Level 1:colcon.colcon_core.package_identification:_identify(esp32/src/node_1) by extensions ['ros']
[0.276s] Level 1:colcon.colcon_core.package_identification:_identify(esp32/src/node_1) by extension 'ros'
[0.276s] Level 1:colcon.colcon_core.package_identification:_identify(esp32/src/node_1) by extensions ['cmake', 'python']
[0.276s] Level 1:colcon.colcon_core.package_identification:_identify(esp32/src/node_1) by extension 'cmake'
[0.276s] Level 1:colcon.colcon_core.package_identification:_identify(esp32/src/node_1) by extension 'python'
[0.276s] Level 1:colcon.colcon_core.package_identification:_identify(esp32/src/node_1) by extensions ['python_setup_py']
[0.276s] Level 1:colcon.colcon_core.package_identification:_identify(esp32/src/node_1) by extension 'python_setup_py'
[0.276s] Level 1:colcon.colcon_core.package_identification:_identify(esp32/src/node_2) by extensions ['ignore', 'ignore_ament_install']
[0.276s] Level 1:colcon.colcon_core.package_identification:_identify(esp32/src/node_2) by extension 'ignore'
[0.276s] Level 1:colcon.colcon_core.package_identification:_identify(esp32/src/node_2) by extension 'ignore_ament_install'
[0.277s] Level 1:colcon.colcon_core.package_identification:_identify(esp32/src/node_2) by extensions ['colcon_pkg']
[0.277s] Level 1:colcon.colcon_core.package_identification:_identify(esp32/src/node_2) by extension 'colcon_pkg'
[0.277s] Level 1:colcon.colcon_core.package_identification:_identify(esp32/src/node_2) by extensions ['colcon_meta']
[0.277s] Level 1:colcon.colcon_core.package_identification:_identify(esp32/src/node_2) by extension 'colcon_meta'
[0.277s] Level 1:colcon.colcon_core.package_identification:_identify(esp32/src/node_2) by extensions ['ros']
[0.277s] Level 1:colcon.colcon_core.package_identification:_identify(esp32/src/node_2) by extension 'ros'
[0.277s] Level 1:colcon.colcon_core.package_identification:_identify(esp32/src/node_2) by extensions ['cmake', 'python']
[0.277s] Level 1:colcon.colcon_core.package_identification:_identify(esp32/src/node_2) by extension 'cmake'
[0.277s] Level 1:colcon.colcon_core.package_identification:_identify(esp32/src/node_2) by extension 'python'
[0.277s] Level 1:colcon.colcon_core.package_identification:_identify(esp32/src/node_2) by extensions ['python_setup_py']
[0.277s] Level 1:colcon.colcon_core.package_identification:_identify(esp32/src/node_2) by extension 'python_setup_py'
[0.277s] Level 1:colcon.colcon_core.package_identification:_identify(esp32/test) by extensions ['ignore', 'ignore_ament_install']
[0.277s] Level 1:colcon.colcon_core.package_identification:_identify(esp32/test) by extension 'ignore'
[0.277s] Level 1:colcon.colcon_core.package_identification:_identify(esp32/test) by extension 'ignore_ament_install'
[0.277s] Level 1:colcon.colcon_core.package_identification:_identify(esp32/test) by extensions ['colcon_pkg']
[0.277s] Level 1:colcon.colcon_core.package_identification:_identify(esp32/test) by extension 'colcon_pkg'
[0.277s] Level 1:colcon.colcon_core.package_identification:_identify(esp32/test) by extensions ['colcon_meta']
[0.277s] Level 1:colcon.colcon_core.package_identification:_identify(esp32/test) by extension 'colcon_meta'
[0.277s] Level 1:colcon.colcon_core.package_identification:_identify(esp32/test) by extensions ['ros']
[0.277s] Level 1:colcon.colcon_core.package_identification:_identify(esp32/test) by extension 'ros'
[0.278s] Level 1:colcon.colcon_core.package_identification:_identify(esp32/test) by extensions ['cmake', 'python']
[0.278s] Level 1:colcon.colcon_core.package_identification:_identify(esp32/test) by extension 'cmake'
[0.278s] Level 1:colcon.colcon_core.package_identification:_identify(esp32/test) by extension 'python'
[0.278s] Level 1:colcon.colcon_core.package_identification:_identify(esp32/test) by extensions ['python_setup_py']
[0.278s] Level 1:colcon.colcon_core.package_identification:_identify(esp32/test) by extension 'python_setup_py'
[0.278s] Level 1:colcon.colcon_core.package_identification:_identify(install) by extensions ['ignore', 'ignore_ament_install']
[0.278s] Level 1:colcon.colcon_core.package_identification:_identify(install) by extension 'ignore'
[0.278s] Level 1:colcon.colcon_core.package_identification:_identify(install) ignored
[0.278s] Level 1:colcon.colcon_core.package_identification:_identify(log) by extensions ['ignore', 'ignore_ament_install']
[0.278s] Level 1:colcon.colcon_core.package_identification:_identify(log) by extension 'ignore'
[0.278s] Level 1:colcon.colcon_core.package_identification:_identify(log) ignored
[0.278s] Level 1:colcon.colcon_core.package_identification:_identify(src) by extensions ['ignore', 'ignore_ament_install']
[0.278s] Level 1:colcon.colcon_core.package_identification:_identify(src) by extension 'ignore'
[0.278s] Level 1:colcon.colcon_core.package_identification:_identify(src) by extension 'ignore_ament_install'
[0.278s] Level 1:colcon.colcon_core.package_identification:_identify(src) by extensions ['colcon_pkg']
[0.279s] Level 1:colcon.colcon_core.package_identification:_identify(src) by extension 'colcon_pkg'
[0.279s] Level 1:colcon.colcon_core.package_identification:_identify(src) by extensions ['colcon_meta']
[0.279s] Level 1:colcon.colcon_core.package_identification:_identify(src) by extension 'colcon_meta'
[0.279s] Level 1:colcon.colcon_core.package_identification:_identify(src) by extensions ['ros']
[0.279s] Level 1:colcon.colcon_core.package_identification:_identify(src) by extension 'ros'
[0.279s] Level 1:colcon.colcon_core.package_identification:_identify(src) by extensions ['cmake', 'python']
[0.279s] Level 1:colcon.colcon_core.package_identification:_identify(src) by extension 'cmake'
[0.279s] Level 1:colcon.colcon_core.package_identification:_identify(src) by extension 'python'
[0.279s] Level 1:colcon.colcon_core.package_identification:_identify(src) by extensions ['python_setup_py']
[0.279s] Level 1:colcon.colcon_core.package_identification:_identify(src) by extension 'python_setup_py'
[0.279s] Level 1:colcon.colcon_core.package_identification:_identify(src/agrirobot_core) by extensions ['ignore', 'ignore_ament_install']
[0.279s] Level 1:colcon.colcon_core.package_identification:_identify(src/agrirobot_core) by extension 'ignore'
[0.279s] Level 1:colcon.colcon_core.package_identification:_identify(src/agrirobot_core) by extension 'ignore_ament_install'
[0.279s] Level 1:colcon.colcon_core.package_identification:_identify(src/agrirobot_core) by extensions ['colcon_pkg']
[0.279s] Level 1:colcon.colcon_core.package_identification:_identify(src/agrirobot_core) by extension 'colcon_pkg'
[0.279s] Level 1:colcon.colcon_core.package_identification:_identify(src/agrirobot_core) by extensions ['colcon_meta']
[0.279s] Level 1:colcon.colcon_core.package_identification:_identify(src/agrirobot_core) by extension 'colcon_meta'
[0.279s] Level 1:colcon.colcon_core.package_identification:_identify(src/agrirobot_core) by extensions ['ros']
[0.279s] Level 1:colcon.colcon_core.package_identification:_identify(src/agrirobot_core) by extension 'ros'
[0.282s] DEBUG:colcon.colcon_core.package_identification:Package 'src/agrirobot_core' with type 'ros.ament_python' and name 'agrirobot_core'
[0.283s] Level 1:colcon.colcon_core.package_discovery:discover_packages(recursive) using defaults
[0.283s] Level 1:colcon.colcon_core.package_discovery:discover_packages(ignore) discover
[0.283s] Level 1:colcon.colcon_core.package_discovery:discover_packages(ignore) using defaults
[0.283s] Level 1:colcon.colcon_core.package_discovery:discover_packages(path) discover
[0.283s] Level 1:colcon.colcon_core.package_discovery:discover_packages(path) using defaults
[0.307s] Level 5:colcon.colcon_core.verb:set package 'agrirobot_core' build argument 'cmake_args' from command line to 'None'
[0.307s] Level 5:colcon.colcon_core.verb:set package 'agrirobot_core' build argument 'cmake_target' from command line to 'None'
[0.307s] Level 5:colcon.colcon_core.verb:set package 'agrirobot_core' build argument 'cmake_target_skip_unavailable' from command line to 'False'
[0.307s] Level 5:colcon.colcon_core.verb:set package 'agrirobot_core' build argument 'cmake_clean_cache' from command line to 'False'
[0.307s] Level 5:colcon.colcon_core.verb:set package 'agrirobot_core' build argument 'cmake_clean_first' from command line to 'False'
[0.307s] Level 5:colcon.colcon_core.verb:set package 'agrirobot_core' build argument 'cmake_force_configure' from command line to 'False'
[0.307s] Level 5:colcon.colcon_core.verb:set package 'agrirobot_core' build argument 'ament_cmake_args' from command line to 'None'
[0.307s] Level 5:colcon.colcon_core.verb:set package 'agrirobot_core' build argument 'catkin_cmake_args' from command line to 'None'
[0.307s] Level 5:colcon.colcon_core.verb:set package 'agrirobot_core' build argument 'catkin_skip_building_tests' from command line to 'False'
[0.307s] DEBUG:colcon.colcon_core.verb:Building package 'agrirobot_core' with the following arguments: {'ament_cmake_args': None, 'build_base': '/home/prukubt/agrirobot_ws/build/agrirobot_core', 'catkin_cmake_args': None, 'catkin_skip_building_tests': False, 'cmake_args': None, 'cmake_clean_cache': False, 'cmake_clean_first': False, 'cmake_force_configure': False, 'cmake_target': None, 'cmake_target_skip_unavailable': False, 'install_base': '/home/prukubt/agrirobot_ws/install/agrirobot_core', 'merge_install': False, 'path': '/home/prukubt/agrirobot_ws/src/agrirobot_core', 'symlink_install': False, 'test_result_base': None}
[0.307s] INFO:colcon.colcon_core.executor:Executing jobs using 'parallel' executor
[0.309s] DEBUG:colcon.colcon_parallel_executor.executor.parallel:run_until_complete
[0.309s] INFO:colcon.colcon_ros.task.ament_python.build:Building ROS package in '/home/prukubt/agrirobot_ws/src/agrirobot_core' with build type 'ament_python'
[0.309s] Level 1:colcon.colcon_core.shell:create_environment_hook('agrirobot_core', 'ament_prefix_path')
[0.312s] INFO:colcon.colcon_core.plugin_system:Skipping extension 'colcon_core.shell.bat': Not used on non-Windows systems
[0.312s] INFO:colcon.colcon_core.shell:Creating environment hook '/home/prukubt/agrirobot_ws/install/agrirobot_core/share/agrirobot_core/hook/ament_prefix_path.ps1'
[0.313s] INFO:colcon.colcon_core.shell:Creating environment descriptor '/home/prukubt/agrirobot_ws/install/agrirobot_core/share/agrirobot_core/hook/ament_prefix_path.dsv'
[0.313s] INFO:colcon.colcon_core.shell:Creating environment hook '/home/prukubt/agrirobot_ws/install/agrirobot_core/share/agrirobot_core/hook/ament_prefix_path.sh'
[0.314s] INFO:colcon.colcon_core.shell:Skip shell extension 'powershell' for command environment: Not usable outside of PowerShell
[0.315s] DEBUG:colcon.colcon_core.shell:Skip shell extension 'dsv' for command environment
[0.631s] INFO:colcon.colcon_core.task.python.build:Building Python package in '/home/prukubt/agrirobot_ws/src/agrirobot_core'
[0.631s] INFO:colcon.colcon_core.shell:Skip shell extension 'powershell' for command environment: Not usable outside of PowerShell
[0.631s] DEBUG:colcon.colcon_core.shell:Skip shell extension 'dsv' for command environment
[1.225s] DEBUG:colcon.colcon_core.event_handler.log_command:Invoking command in '/home/prukubt/agrirobot_ws/src/agrirobot_core': PYTHONPATH=/home/prukubt/agrirobot_ws/build/agrirobot_core/prefix_override:/home/prukubt/venv/lib/python3.12/site-packages/colcon_core/task/python/colcon_distutils_commands:/home/prukubt/agrirobot_ws/install/agrirobot_core/lib/python3.12/site-packages:${PYTHONPATH} VIRTUAL_ENV_PROMPT=(venv) /home/prukubt/venv/bin/python3 -W ignore:setup.py install is deprecated -W ignore:easy_install command is deprecated setup.py egg_info --egg-base ../../build/agrirobot_core build --build-base /home/prukubt/agrirobot_ws/build/agrirobot_core/build install --record /home/prukubt/agrirobot_ws/build/agrirobot_core/install.log --single-version-externally-managed install_data
[1.841s] DEBUG:colcon.colcon_core.event_handler.log_command:Invoked command in '/home/prukubt/agrirobot_ws/src/agrirobot_core' returned '0': PYTHONPATH=/home/prukubt/agrirobot_ws/build/agrirobot_core/prefix_override:/home/prukubt/venv/lib/python3.12/site-packages/colcon_core/task/python/colcon_distutils_commands:/home/prukubt/agrirobot_ws/install/agrirobot_core/lib/python3.12/site-packages:${PYTHONPATH} VIRTUAL_ENV_PROMPT=(venv) /home/prukubt/venv/bin/python3 -W ignore:setup.py install is deprecated -W ignore:easy_install command is deprecated setup.py egg_info --egg-base ../../build/agrirobot_core build --build-base /home/prukubt/agrirobot_ws/build/agrirobot_core/build install --record /home/prukubt/agrirobot_ws/build/agrirobot_core/install.log --single-version-externally-managed install_data
[1.843s] Level 1:colcon.colcon_core.environment:checking '/home/prukubt/agrirobot_ws/install/agrirobot_core' for CMake module files
[1.844s] Level 1:colcon.colcon_core.environment:checking '/home/prukubt/agrirobot_ws/install/agrirobot_core' for CMake config files
[1.846s] Level 1:colcon.colcon_core.environment:checking '/home/prukubt/agrirobot_ws/install/agrirobot_core/lib'
[1.846s] Level 1:colcon.colcon_core.environment:checking '/home/prukubt/agrirobot_ws/install/agrirobot_core/bin'
[1.847s] Level 1:colcon.colcon_core.environment:checking '/home/prukubt/agrirobot_ws/install/agrirobot_core/lib/pkgconfig/agrirobot_core.pc'
[1.847s] Level 1:colcon.colcon_core.environment:checking '/home/prukubt/agrirobot_ws/install/agrirobot_core/lib/python3.12/site-packages'
[1.847s] Level 1:colcon.colcon_core.shell:create_environment_hook('agrirobot_core', 'pythonpath')
[1.848s] INFO:colcon.colcon_core.shell:Creating environment hook '/home/prukubt/agrirobot_ws/install/agrirobot_core/share/agrirobot_core/hook/pythonpath.ps1'
[1.848s] INFO:colcon.colcon_core.shell:Creating environment descriptor '/home/prukubt/agrirobot_ws/install/agrirobot_core/share/agrirobot_core/hook/pythonpath.dsv'
[1.850s] INFO:colcon.colcon_core.shell:Creating environment hook '/home/prukubt/agrirobot_ws/install/agrirobot_core/share/agrirobot_core/hook/pythonpath.sh'
[1.851s] Level 1:colcon.colcon_core.environment:checking '/home/prukubt/agrirobot_ws/install/agrirobot_core/bin'
[1.851s] Level 1:colcon.colcon_core.environment:create_environment_scripts_only(agrirobot_core)
[1.852s] INFO:colcon.colcon_core.shell:Creating package script '/home/prukubt/agrirobot_ws/install/agrirobot_core/share/agrirobot_core/package.ps1'
[1.853s] INFO:colcon.colcon_core.shell:Creating package descriptor '/home/prukubt/agrirobot_ws/install/agrirobot_core/share/agrirobot_core/package.dsv'
[1.854s] INFO:colcon.colcon_core.shell:Creating package script '/home/prukubt/agrirobot_ws/install/agrirobot_core/share/agrirobot_core/package.sh'
[1.855s] INFO:colcon.colcon_core.shell:Creating package script '/home/prukubt/agrirobot_ws/install/agrirobot_core/share/agrirobot_core/package.bash'
[1.856s] INFO:colcon.colcon_core.shell:Creating package script '/home/prukubt/agrirobot_ws/install/agrirobot_core/share/agrirobot_core/package.zsh'
[1.857s] Level 1:colcon.colcon_core.environment:create_file_with_runtime_dependencies(/home/prukubt/agrirobot_ws/install/agrirobot_core/share/colcon-core/packages/agrirobot_core)
[1.858s] DEBUG:colcon.colcon_parallel_executor.executor.parallel:closing loop
[1.858s] DEBUG:colcon.colcon_parallel_executor.executor.parallel:loop closed
[1.858s] DEBUG:colcon.colcon_parallel_executor.executor.parallel:run_until_complete finished with '0'
[1.859s] DEBUG:colcon.colcon_core.event_reactor:joining thread
[1.861s] INFO:colcon.colcon_core.plugin_system:Skipping extension 'colcon_notification.desktop_notification.notify2': 'notify2' not found
[1.861s] INFO:colcon.colcon_core.plugin_system:Skipping extension 'colcon_notification.desktop_notification.notify_send': Could not find 'notify-send'
[1.861s] INFO:colcon.colcon_core.plugin_system:Skipping extension 'colcon_notification.desktop_notification.terminal_notifier': Not used on non-Darwin systems
[1.861s] INFO:colcon.colcon_core.plugin_system:Skipping extension 'colcon_notification.desktop_notification.win32': Not used on non-Windows systems
[1.861s] DEBUG:colcon.colcon_core.event_reactor:joined thread
[1.862s] INFO:colcon.colcon_core.shell:Creating prefix script '/home/prukubt/agrirobot_ws/install/local_setup.ps1'
[1.863s] INFO:colcon.colcon_core.shell:Creating prefix util module '/home/prukubt/agrirobot_ws/install/_local_setup_util_ps1.py'
[1.864s] INFO:colcon.colcon_core.shell:Creating prefix chain script '/home/prukubt/agrirobot_ws/install/setup.ps1'
[1.866s] INFO:colcon.colcon_core.shell:Creating prefix script '/home/prukubt/agrirobot_ws/install/local_setup.sh'
[1.867s] INFO:colcon.colcon_core.shell:Creating prefix util module '/home/prukubt/agrirobot_ws/install/_local_setup_util_sh.py'
[1.868s] INFO:colcon.colcon_core.shell:Creating prefix chain script '/home/prukubt/agrirobot_ws/install/setup.sh'
[1.870s] INFO:colcon.colcon_core.shell:Creating prefix script '/home/prukubt/agrirobot_ws/install/local_setup.bash'
[1.871s] INFO:colcon.colcon_core.shell:Creating prefix chain script '/home/prukubt/agrirobot_ws/install/setup.bash'
[1.873s] INFO:colcon.colcon_core.shell:Creating prefix script '/home/prukubt/agrirobot_ws/install/local_setup.zsh'
[1.874s] INFO:colcon.colcon_core.shell:Creating prefix chain script '/home/prukubt/agrirobot_ws/install/setup.zsh'
