[0.134s] DEBUG:colcon:Command line arguments: ['/usr/bin/colcon', 'build']
[0.134s] DEBUG:colcon:Parsed command line arguments: Namespace(log_base=None, log_level=None, verb_name='build', build_base='build', install_base='install', merge_install=False, symlink_install=False, test_result_base=None, continue_on_error=False, executor='parallel', parallel_workers=4, event_handlers=None, ignore_user_meta=False, metas=['./colcon.meta'], base_paths=['.'], packages_ignore=None, packages_ignore_regex=None, paths=None, packages_up_to=None, packages_up_to_regex=None, packages_above=None, packages_above_and_dependencies=None, packages_above_depth=None, packages_select_by_dep=None, packages_skip_by_dep=None, packages_skip_up_to=None, packages_select_build_failed=False, packages_skip_build_finished=False, packages_select_test_failures=False, packages_skip_test_passed=False, packages_select=None, packages_skip=None, packages_select_regex=None, packages_skip_regex=None, packages_start=None, packages_end=None, allow_overriding=[], cmake_args=None, cmake_target=None, cmake_target_skip_unavailable=False, cmake_clean_cache=False, cmake_clean_first=False, cmake_force_configure=False, ament_cmake_args=None, catkin_cmake_args=None, catkin_skip_building_tests=False, verb_parser=<colcon_defaults.argument_parser.defaults.DefaultArgumentsDecorator object at 0xffffa8c1cbf0>, verb_extension=<colcon_core.verb.build.BuildVerb object at 0xffffa8dcda90>, main=<bound method BuildVerb.main of <colcon_core.verb.build.BuildVerb object at 0xffffa8dcda90>>)
[0.189s] Level 1:colcon.colcon_core.package_discovery:discover_packages(colcon_meta) check parameters
[0.190s] Level 1:colcon.colcon_core.package_discovery:discover_packages(recursive) check parameters
[0.190s] Level 1:colcon.colcon_core.package_discovery:discover_packages(ignore) check parameters
[0.190s] Level 1:colcon.colcon_core.package_discovery:discover_packages(path) check parameters
[0.190s] Level 1:colcon.colcon_core.package_discovery:discover_packages(colcon_meta) discover
[0.190s] Level 1:colcon.colcon_core.package_discovery:discover_packages(recursive) discover
[0.190s] INFO:colcon.colcon_core.package_discovery:Crawling recursively for packages in '/home/prukubt/agrirobot_ws'
[0.190s] Level 1:colcon.colcon_core.package_identification:_identify(.) by extensions ['ignore', 'ignore_ament_install']
[0.190s] Level 1:colcon.colcon_core.package_identification:_identify(.) by extension 'ignore'
[0.190s] Level 1:colcon.colcon_core.package_identification:_identify(.) by extension 'ignore_ament_install'
[0.190s] Level 1:colcon.colcon_core.package_identification:_identify(.) by extensions ['colcon_pkg']
[0.190s] Level 1:colcon.colcon_core.package_identification:_identify(.) by extension 'colcon_pkg'
[0.190s] Level 1:colcon.colcon_core.package_identification:_identify(.) by extensions ['colcon_meta']
[0.190s] Level 1:colcon.colcon_core.package_identification:_identify(.) by extension 'colcon_meta'
[0.190s] Level 1:colcon.colcon_core.package_identification:_identify(.) by extensions ['ros']
[0.190s] Level 1:colcon.colcon_core.package_identification:_identify(.) by extension 'ros'
[0.228s] Level 1:colcon.colcon_core.package_identification:_identify(.) by extensions ['cmake', 'python']
[0.228s] Level 1:colcon.colcon_core.package_identification:_identify(.) by extension 'cmake'
[0.228s] Level 1:colcon.colcon_core.package_identification:_identify(.) by extension 'python'
[0.228s] Level 1:colcon.colcon_core.package_identification:_identify(.) by extensions ['python_setup_py']
[0.228s] Level 1:colcon.colcon_core.package_identification:_identify(.) by extension 'python_setup_py'
[0.228s] Level 1:colcon.colcon_core.package_identification:_identify(build) by extensions ['ignore', 'ignore_ament_install']
[0.229s] Level 1:colcon.colcon_core.package_identification:_identify(build) by extension 'ignore'
[0.229s] Level 1:colcon.colcon_core.package_identification:_identify(build) ignored
[0.229s] Level 1:colcon.colcon_core.package_identification:_identify(esp32) by extensions ['ignore', 'ignore_ament_install']
[0.229s] Level 1:colcon.colcon_core.package_identification:_identify(esp32) by extension 'ignore'
[0.229s] Level 1:colcon.colcon_core.package_identification:_identify(esp32) by extension 'ignore_ament_install'
[0.229s] Level 1:colcon.colcon_core.package_identification:_identify(esp32) by extensions ['colcon_pkg']
[0.229s] Level 1:colcon.colcon_core.package_identification:_identify(esp32) by extension 'colcon_pkg'
[0.229s] Level 1:colcon.colcon_core.package_identification:_identify(esp32) by extensions ['colcon_meta']
[0.229s] Level 1:colcon.colcon_core.package_identification:_identify(esp32) by extension 'colcon_meta'
[0.229s] Level 1:colcon.colcon_core.package_identification:_identify(esp32) by extensions ['ros']
[0.229s] Level 1:colcon.colcon_core.package_identification:_identify(esp32) by extension 'ros'
[0.229s] Level 1:colcon.colcon_core.package_identification:_identify(esp32) by extensions ['cmake', 'python']
[0.229s] Level 1:colcon.colcon_core.package_identification:_identify(esp32) by extension 'cmake'
[0.229s] Level 1:colcon.colcon_core.package_identification:_identify(esp32) by extension 'python'
[0.229s] Level 1:colcon.colcon_core.package_identification:_identify(esp32) by extensions ['python_setup_py']
[0.229s] Level 1:colcon.colcon_core.package_identification:_identify(esp32) by extension 'python_setup_py'
[0.230s] Level 1:colcon.colcon_core.package_identification:_identify(esp32/include) by extensions ['ignore', 'ignore_ament_install']
[0.230s] Level 1:colcon.colcon_core.package_identification:_identify(esp32/include) by extension 'ignore'
[0.230s] Level 1:colcon.colcon_core.package_identification:_identify(esp32/include) by extension 'ignore_ament_install'
[0.230s] Level 1:colcon.colcon_core.package_identification:_identify(esp32/include) by extensions ['colcon_pkg']
[0.230s] Level 1:colcon.colcon_core.package_identification:_identify(esp32/include) by extension 'colcon_pkg'
[0.230s] Level 1:colcon.colcon_core.package_identification:_identify(esp32/include) by extensions ['colcon_meta']
[0.230s] Level 1:colcon.colcon_core.package_identification:_identify(esp32/include) by extension 'colcon_meta'
[0.230s] Level 1:colcon.colcon_core.package_identification:_identify(esp32/include) by extensions ['ros']
[0.230s] Level 1:colcon.colcon_core.package_identification:_identify(esp32/include) by extension 'ros'
[0.230s] Level 1:colcon.colcon_core.package_identification:_identify(esp32/include) by extensions ['cmake', 'python']
[0.230s] Level 1:colcon.colcon_core.package_identification:_identify(esp32/include) by extension 'cmake'
[0.230s] Level 1:colcon.colcon_core.package_identification:_identify(esp32/include) by extension 'python'
[0.230s] Level 1:colcon.colcon_core.package_identification:_identify(esp32/include) by extensions ['python_setup_py']
[0.230s] Level 1:colcon.colcon_core.package_identification:_identify(esp32/include) by extension 'python_setup_py'
[0.230s] Level 1:colcon.colcon_core.package_identification:_identify(esp32/lib) by extensions ['ignore', 'ignore_ament_install']
[0.230s] Level 1:colcon.colcon_core.package_identification:_identify(esp32/lib) by extension 'ignore'
[0.230s] Level 1:colcon.colcon_core.package_identification:_identify(esp32/lib) by extension 'ignore_ament_install'
[0.231s] Level 1:colcon.colcon_core.package_identification:_identify(esp32/lib) by extensions ['colcon_pkg']
[0.231s] Level 1:colcon.colcon_core.package_identification:_identify(esp32/lib) by extension 'colcon_pkg'
[0.231s] Level 1:colcon.colcon_core.package_identification:_identify(esp32/lib) by extensions ['colcon_meta']
[0.231s] Level 1:colcon.colcon_core.package_identification:_identify(esp32/lib) by extension 'colcon_meta'
[0.231s] Level 1:colcon.colcon_core.package_identification:_identify(esp32/lib) by extensions ['ros']
[0.231s] Level 1:colcon.colcon_core.package_identification:_identify(esp32/lib) by extension 'ros'
[0.231s] Level 1:colcon.colcon_core.package_identification:_identify(esp32/lib) by extensions ['cmake', 'python']
[0.231s] Level 1:colcon.colcon_core.package_identification:_identify(esp32/lib) by extension 'cmake'
[0.231s] Level 1:colcon.colcon_core.package_identification:_identify(esp32/lib) by extension 'python'
[0.231s] Level 1:colcon.colcon_core.package_identification:_identify(esp32/lib) by extensions ['python_setup_py']
[0.231s] Level 1:colcon.colcon_core.package_identification:_identify(esp32/lib) by extension 'python_setup_py'
[0.231s] Level 1:colcon.colcon_core.package_identification:_identify(esp32/src) by extensions ['ignore', 'ignore_ament_install']
[0.231s] Level 1:colcon.colcon_core.package_identification:_identify(esp32/src) by extension 'ignore'
[0.231s] Level 1:colcon.colcon_core.package_identification:_identify(esp32/src) by extension 'ignore_ament_install'
[0.231s] Level 1:colcon.colcon_core.package_identification:_identify(esp32/src) by extensions ['colcon_pkg']
[0.231s] Level 1:colcon.colcon_core.package_identification:_identify(esp32/src) by extension 'colcon_pkg'
[0.231s] Level 1:colcon.colcon_core.package_identification:_identify(esp32/src) by extensions ['colcon_meta']
[0.231s] Level 1:colcon.colcon_core.package_identification:_identify(esp32/src) by extension 'colcon_meta'
[0.231s] Level 1:colcon.colcon_core.package_identification:_identify(esp32/src) by extensions ['ros']
[0.231s] Level 1:colcon.colcon_core.package_identification:_identify(esp32/src) by extension 'ros'
[0.232s] Level 1:colcon.colcon_core.package_identification:_identify(esp32/src) by extensions ['cmake', 'python']
[0.232s] Level 1:colcon.colcon_core.package_identification:_identify(esp32/src) by extension 'cmake'
[0.232s] Level 1:colcon.colcon_core.package_identification:_identify(esp32/src) by extension 'python'
[0.232s] Level 1:colcon.colcon_core.package_identification:_identify(esp32/src) by extensions ['python_setup_py']
[0.232s] Level 1:colcon.colcon_core.package_identification:_identify(esp32/src) by extension 'python_setup_py'
[0.232s] Level 1:colcon.colcon_core.package_identification:_identify(esp32/test) by extensions ['ignore', 'ignore_ament_install']
[0.232s] Level 1:colcon.colcon_core.package_identification:_identify(esp32/test) by extension 'ignore'
[0.232s] Level 1:colcon.colcon_core.package_identification:_identify(esp32/test) by extension 'ignore_ament_install'
[0.232s] Level 1:colcon.colcon_core.package_identification:_identify(esp32/test) by extensions ['colcon_pkg']
[0.232s] Level 1:colcon.colcon_core.package_identification:_identify(esp32/test) by extension 'colcon_pkg'
[0.232s] Level 1:colcon.colcon_core.package_identification:_identify(esp32/test) by extensions ['colcon_meta']
[0.232s] Level 1:colcon.colcon_core.package_identification:_identify(esp32/test) by extension 'colcon_meta'
[0.232s] Level 1:colcon.colcon_core.package_identification:_identify(esp32/test) by extensions ['ros']
[0.232s] Level 1:colcon.colcon_core.package_identification:_identify(esp32/test) by extension 'ros'
[0.232s] Level 1:colcon.colcon_core.package_identification:_identify(esp32/test) by extensions ['cmake', 'python']
[0.232s] Level 1:colcon.colcon_core.package_identification:_identify(esp32/test) by extension 'cmake'
[0.232s] Level 1:colcon.colcon_core.package_identification:_identify(esp32/test) by extension 'python'
[0.232s] Level 1:colcon.colcon_core.package_identification:_identify(esp32/test) by extensions ['python_setup_py']
[0.232s] Level 1:colcon.colcon_core.package_identification:_identify(esp32/test) by extension 'python_setup_py'
[0.233s] Level 1:colcon.colcon_core.package_identification:_identify(install) by extensions ['ignore', 'ignore_ament_install']
[0.233s] Level 1:colcon.colcon_core.package_identification:_identify(install) by extension 'ignore'
[0.233s] Level 1:colcon.colcon_core.package_identification:_identify(install) ignored
[0.233s] Level 1:colcon.colcon_core.package_identification:_identify(log) by extensions ['ignore', 'ignore_ament_install']
[0.233s] Level 1:colcon.colcon_core.package_identification:_identify(log) by extension 'ignore'
[0.233s] Level 1:colcon.colcon_core.package_identification:_identify(log) ignored
[0.233s] Level 1:colcon.colcon_core.package_identification:_identify(src) by extensions ['ignore', 'ignore_ament_install']
[0.233s] Level 1:colcon.colcon_core.package_identification:_identify(src) by extension 'ignore'
[0.233s] Level 1:colcon.colcon_core.package_identification:_identify(src) by extension 'ignore_ament_install'
[0.233s] Level 1:colcon.colcon_core.package_identification:_identify(src) by extensions ['colcon_pkg']
[0.233s] Level 1:colcon.colcon_core.package_identification:_identify(src) by extension 'colcon_pkg'
[0.233s] Level 1:colcon.colcon_core.package_identification:_identify(src) by extensions ['colcon_meta']
[0.233s] Level 1:colcon.colcon_core.package_identification:_identify(src) by extension 'colcon_meta'
[0.233s] Level 1:colcon.colcon_core.package_identification:_identify(src) by extensions ['ros']
[0.233s] Level 1:colcon.colcon_core.package_identification:_identify(src) by extension 'ros'
[0.233s] Level 1:colcon.colcon_core.package_identification:_identify(src) by extensions ['cmake', 'python']
[0.233s] Level 1:colcon.colcon_core.package_identification:_identify(src) by extension 'cmake'
[0.234s] Level 1:colcon.colcon_core.package_identification:_identify(src) by extension 'python'
[0.234s] Level 1:colcon.colcon_core.package_identification:_identify(src) by extensions ['python_setup_py']
[0.234s] Level 1:colcon.colcon_core.package_identification:_identify(src) by extension 'python_setup_py'
[0.234s] Level 1:colcon.colcon_core.package_identification:_identify(src/agrirobot_core) by extensions ['ignore', 'ignore_ament_install']
[0.234s] Level 1:colcon.colcon_core.package_identification:_identify(src/agrirobot_core) by extension 'ignore'
[0.234s] Level 1:colcon.colcon_core.package_identification:_identify(src/agrirobot_core) by extension 'ignore_ament_install'
[0.234s] Level 1:colcon.colcon_core.package_identification:_identify(src/agrirobot_core) by extensions ['colcon_pkg']
[0.234s] Level 1:colcon.colcon_core.package_identification:_identify(src/agrirobot_core) by extension 'colcon_pkg'
[0.234s] Level 1:colcon.colcon_core.package_identification:_identify(src/agrirobot_core) by extensions ['colcon_meta']
[0.234s] Level 1:colcon.colcon_core.package_identification:_identify(src/agrirobot_core) by extension 'colcon_meta'
[0.234s] Level 1:colcon.colcon_core.package_identification:_identify(src/agrirobot_core) by extensions ['ros']
[0.234s] Level 1:colcon.colcon_core.package_identification:_identify(src/agrirobot_core) by extension 'ros'
[0.239s] DEBUG:colcon.colcon_core.package_identification:Package 'src/agrirobot_core' with type 'ros.ament_python' and name 'agrirobot_core'
[0.239s] Level 1:colcon.colcon_core.package_discovery:discover_packages(recursive) using defaults
[0.240s] Level 1:colcon.colcon_core.package_discovery:discover_packages(ignore) discover
[0.240s] Level 1:colcon.colcon_core.package_discovery:discover_packages(ignore) using defaults
[0.240s] Level 1:colcon.colcon_core.package_discovery:discover_packages(path) discover
[0.240s] Level 1:colcon.colcon_core.package_discovery:discover_packages(path) using defaults
[0.263s] Level 1:colcon.colcon_core.package_discovery:discover_packages(prefix_path) check parameters
[0.263s] Level 1:colcon.colcon_core.package_discovery:discover_packages(prefix_path) discover
[0.265s] DEBUG:colcon.colcon_installed_package_information.package_discovery:Found 1 installed packages in /home/prukubt/agrirobot_ws/install
[0.266s] DEBUG:colcon.colcon_installed_package_information.package_discovery:Found 192 installed packages in /opt/ros/jazzy
[0.267s] Level 1:colcon.colcon_core.package_discovery:discover_packages(prefix_path) using defaults
[0.305s] Level 5:colcon.colcon_core.verb:set package 'agrirobot_core' build argument 'cmake_args' from command line to 'None'
[0.305s] Level 5:colcon.colcon_core.verb:set package 'agrirobot_core' build argument 'cmake_target' from command line to 'None'
[0.305s] Level 5:colcon.colcon_core.verb:set package 'agrirobot_core' build argument 'cmake_target_skip_unavailable' from command line to 'False'
[0.305s] Level 5:colcon.colcon_core.verb:set package 'agrirobot_core' build argument 'cmake_clean_cache' from command line to 'False'
[0.305s] Level 5:colcon.colcon_core.verb:set package 'agrirobot_core' build argument 'cmake_clean_first' from command line to 'False'
[0.305s] Level 5:colcon.colcon_core.verb:set package 'agrirobot_core' build argument 'cmake_force_configure' from command line to 'False'
[0.306s] Level 5:colcon.colcon_core.verb:set package 'agrirobot_core' build argument 'ament_cmake_args' from command line to 'None'
[0.306s] Level 5:colcon.colcon_core.verb:set package 'agrirobot_core' build argument 'catkin_cmake_args' from command line to 'None'
[0.306s] Level 5:colcon.colcon_core.verb:set package 'agrirobot_core' build argument 'catkin_skip_building_tests' from command line to 'False'
[0.306s] DEBUG:colcon.colcon_core.verb:Building package 'agrirobot_core' with the following arguments: {'ament_cmake_args': None, 'build_base': '/home/prukubt/agrirobot_ws/build/agrirobot_core', 'catkin_cmake_args': None, 'catkin_skip_building_tests': False, 'cmake_args': None, 'cmake_clean_cache': False, 'cmake_clean_first': False, 'cmake_force_configure': False, 'cmake_target': None, 'cmake_target_skip_unavailable': False, 'install_base': '/home/prukubt/agrirobot_ws/install/agrirobot_core', 'merge_install': False, 'path': '/home/prukubt/agrirobot_ws/src/agrirobot_core', 'symlink_install': False, 'test_result_base': None}
[0.306s] INFO:colcon.colcon_core.executor:Executing jobs using 'parallel' executor
[0.307s] DEBUG:colcon.colcon_parallel_executor.executor.parallel:run_until_complete
[0.307s] INFO:colcon.colcon_ros.task.ament_python.build:Building ROS package in '/home/prukubt/agrirobot_ws/src/agrirobot_core' with build type 'ament_python'
[0.308s] Level 1:colcon.colcon_core.shell:create_environment_hook('agrirobot_core', 'ament_prefix_path')
[0.310s] INFO:colcon.colcon_core.plugin_system:Skipping extension 'colcon_core.shell.bat': Not used on non-Windows systems
[0.310s] INFO:colcon.colcon_core.shell:Creating environment hook '/home/prukubt/agrirobot_ws/install/agrirobot_core/share/agrirobot_core/hook/ament_prefix_path.ps1'
[0.352s] INFO:colcon.colcon_core.shell:Creating environment descriptor '/home/prukubt/agrirobot_ws/install/agrirobot_core/share/agrirobot_core/hook/ament_prefix_path.dsv'
[0.353s] INFO:colcon.colcon_core.shell:Creating environment hook '/home/prukubt/agrirobot_ws/install/agrirobot_core/share/agrirobot_core/hook/ament_prefix_path.sh'
[0.354s] INFO:colcon.colcon_core.shell:Skip shell extension 'powershell' for command environment: Not usable outside of PowerShell
[0.354s] DEBUG:colcon.colcon_core.shell:Skip shell extension 'dsv' for command environment
[0.643s] DEBUG:colcon.colcon_parallel_executor.executor.parallel:closing loop
[0.644s] DEBUG:colcon.colcon_parallel_executor.executor.parallel:loop closed
[0.644s] DEBUG:colcon.colcon_parallel_executor.executor.parallel:run_until_complete finished with 'Command '['/usr/bin/python3', '-c', 'import sys;from contextlib import suppress;exec("with suppress(ImportError):    from setuptools.extern.packaging.specifiers    import SpecifierSet");exec("with suppress(ImportError):    from packaging.specifiers import SpecifierSet");from distutils.core import run_setup;dist = run_setup(    \'setup.py\', script_args=(\'--dry-run\',), stop_after=\'config\');skip_keys = (\'cmdclass\', \'distclass\', \'ext_modules\', \'metadata\');data = {    key: value for key, value in dist.__dict__.items()     if (        not key.startswith(\'_\') and         not callable(value) and         key not in skip_keys and         key not in dist.display_option_names    )};data[\'metadata\'] = {    k: v for k, v in dist.metadata.__dict__.items()     if k not in (\'license_files\', \'provides_extras\')};sys.stdout.buffer.write(repr(data).encode(\'utf-8\'))']' returned non-zero exit status 1.'
[0.644s] DEBUG:colcon.colcon_core.event_reactor:joining thread
[0.655s] INFO:colcon.colcon_core.plugin_system:Skipping extension 'colcon_notification.desktop_notification.notify_send': Could not find 'notify-send'
[0.655s] INFO:colcon.colcon_core.plugin_system:Skipping extension 'colcon_notification.desktop_notification.terminal_notifier': Not used on non-Darwin systems
[0.655s] INFO:colcon.colcon_core.plugin_system:Skipping extension 'colcon_notification.desktop_notification.win32': Not used on non-Windows systems
[0.655s] INFO:colcon.colcon_notification.desktop_notification:Sending desktop notification using 'notify2'
[0.656s] DEBUG:colcon.colcon_notification.desktop_notification.notify2:Failed to initialize notify2: org.freedesktop.DBus.Error.ServiceUnknown: The name org.freedesktop.Notifications was not provided by any .service files
[0.657s] DEBUG:colcon.colcon_core.event_reactor:joined thread
[0.657s] INFO:colcon.colcon_core.shell:Creating prefix script '/home/prukubt/agrirobot_ws/install/local_setup.ps1'
[0.658s] INFO:colcon.colcon_core.shell:Creating prefix util module '/home/prukubt/agrirobot_ws/install/_local_setup_util_ps1.py'
[0.660s] INFO:colcon.colcon_core.shell:Creating prefix chain script '/home/prukubt/agrirobot_ws/install/setup.ps1'
[0.661s] INFO:colcon.colcon_core.shell:Creating prefix script '/home/prukubt/agrirobot_ws/install/local_setup.sh'
[0.663s] INFO:colcon.colcon_core.shell:Creating prefix util module '/home/prukubt/agrirobot_ws/install/_local_setup_util_sh.py'
[0.666s] INFO:colcon.colcon_core.shell:Creating prefix chain script '/home/prukubt/agrirobot_ws/install/setup.sh'
[0.667s] INFO:colcon.colcon_core.shell:Creating prefix script '/home/prukubt/agrirobot_ws/install/local_setup.bash'
[0.668s] INFO:colcon.colcon_core.shell:Creating prefix chain script '/home/prukubt/agrirobot_ws/install/setup.bash'
[0.670s] INFO:colcon.colcon_core.shell:Creating prefix script '/home/prukubt/agrirobot_ws/install/local_setup.zsh'
[0.671s] INFO:colcon.colcon_core.shell:Creating prefix chain script '/home/prukubt/agrirobot_ws/install/setup.zsh'
