running egg_info
writing ../../build/agrirobot_core/agrirobot_core.egg-info/PKG-INFO
writing dependency_links to ../../build/agrirobot_core/agrirobot_core.egg-info/dependency_links.txt
writing entry points to ../../build/agrirobot_core/agrirobot_core.egg-info/entry_points.txt
writing requirements to ../../build/agrirobot_core/agrirobot_core.egg-info/requires.txt
writing top-level names to ../../build/agrirobot_core/agrirobot_core.egg-info/top_level.txt
reading manifest file '../../build/agrirobot_core/agrirobot_core.egg-info/SOURCES.txt'
writing manifest file '../../build/agrirobot_core/agrirobot_core.egg-info/SOURCES.txt'
running build
running build_py
copying agrirobot_core/main.py -> /home/prukubt/agrirobot_ws/build/agrirobot_core/build/lib/agrirobot_core
copying agrirobot_core/showcam.py -> /home/prukubt/agrirobot_ws/build/agrirobot_core/build/lib/agrirobot_core
copying agrirobot_core/MotorTest2.py -> /home/prukubt/agrirobot_ws/build/agrirobot_core/build/lib/agrirobot_core
copying agrirobot_core/__init__.py -> /home/prukubt/agrirobot_ws/build/agrirobot_core/build/lib/agrirobot_core
copying agrirobot_core/DiffdrivePublisher.py -> /home/prukubt/agrirobot_ws/build/agrirobot_core/build/lib/agrirobot_core
copying agrirobot_core/JoyStickPublisher.py -> /home/prukubt/agrirobot_ws/build/agrirobot_core/build/lib/agrirobot_core
running install
running install_lib
copying /home/prukubt/agrirobot_ws/build/agrirobot_core/build/lib/agrirobot_core/JoyStickPublisher.py -> /home/prukubt/agrirobot_ws/install/agrirobot_core/lib/python3.12/site-packages/agrirobot_core
byte-compiling /home/prukubt/agrirobot_ws/install/agrirobot_core/lib/python3.12/site-packages/agrirobot_core/JoyStickPublisher.py to JoyStickPublisher.cpython-312.pyc
running install_data
copying package.xml -> /home/prukubt/agrirobot_ws/install/agrirobot_core/share/agrirobot_core
running install_egg_info
removing '/home/prukubt/agrirobot_ws/install/agrirobot_core/lib/python3.12/site-packages/agrirobot_core-0.0.0-py3.12.egg-info' (and everything under it)
Copying ../../build/agrirobot_core/agrirobot_core.egg-info to /home/prukubt/agrirobot_ws/install/agrirobot_core/lib/python3.12/site-packages/agrirobot_core-0.0.0-py3.12.egg-info
running install_scripts
Installing diffdrive_publisher script to /home/prukubt/agrirobot_ws/install/agrirobot_core/lib/agrirobot_core
Installing joystick_publisher script to /home/prukubt/agrirobot_ws/install/agrirobot_core/lib/agrirobot_core
writing list of installed files to '/home/prukubt/agrirobot_ws/build/agrirobot_core/install.log'
