[1.531s] Invoking command in '/home/prukubt/agrirobot_ws/build/agrirobot_core': PS1=(venv) \[\e]0;\u@\h: \w\a\]${debian_chroot:+($debian_chroot)}\[\033[01;32m\]\u@\h\[\033[00m\]:\[\033[01;34m\]\w\[\033[00m\]\$ PYTHONPATH=/home/prukubt/agrirobot_ws/build/agrirobot_core/prefix_override:/usr/lib/python3/dist-packages/colcon_core/task/python/colcon_distutils_commands:/home/prukubt/agrirobot_ws/install/agrirobot_core/lib/python3.12/site-packages:${PYTHONPATH} VIRTUAL_ENV_PROMPT=(venv) /usr/bin/python3 -W ignore:setup.py install is deprecated -W ignore:easy_install command is deprecated setup.py develop --editable --build-directory /home/prukubt/agrirobot_ws/build/agrirobot_core/build --no-deps symlink_data
[1.947s] running develop
[2.189s] running egg_info
[2.189s] creating agrirobot_core.egg-info
[2.211s] writing agrirobot_core.egg-info/PKG-INFO
[2.211s] writing dependency_links to agrirobot_core.egg-info/dependency_links.txt
[2.212s] writing requirements to agrirobot_core.egg-info/requires.txt
[2.212s] writing top-level names to agrirobot_core.egg-info/top_level.txt
[2.212s] writing manifest file 'agrirobot_core.egg-info/SOURCES.txt'
[2.260s] reading manifest file 'agrirobot_core.egg-info/SOURCES.txt'
[2.260s] writing manifest file 'agrirobot_core.egg-info/SOURCES.txt'
[2.285s] running build_ext
[2.285s] Creating /home/prukubt/agrirobot_ws/install/agrirobot_core/lib/python3.12/site-packages/agrirobot-core.egg-link (link to .)
[2.286s] 
[2.286s] Installed /home/prukubt/agrirobot_ws/build/agrirobot_core
[2.286s] running symlink_data
[2.286s] creating /home/prukubt/agrirobot_ws/install/agrirobot_core/share/ament_index
[2.286s] creating /home/prukubt/agrirobot_ws/install/agrirobot_core/share/ament_index/resource_index
[2.286s] creating /home/prukubt/agrirobot_ws/install/agrirobot_core/share/ament_index/resource_index/packages
[2.286s] symbolically linking /home/prukubt/agrirobot_ws/build/agrirobot_core/resource/agrirobot_core -> /home/prukubt/agrirobot_ws/install/agrirobot_core/share/ament_index/resource_index/packages
[2.287s] symbolically linking /home/prukubt/agrirobot_ws/build/agrirobot_core/package.xml -> /home/prukubt/agrirobot_ws/install/agrirobot_core/share/agrirobot_core
[2.374s] Invoked command in '/home/prukubt/agrirobot_ws/build/agrirobot_core' returned '0': PS1=(venv) \[\e]0;\u@\h: \w\a\]${debian_chroot:+($debian_chroot)}\[\033[01;32m\]\u@\h\[\033[00m\]:\[\033[01;34m\]\w\[\033[00m\]\$ PYTHONPATH=/home/prukubt/agrirobot_ws/build/agrirobot_core/prefix_override:/usr/lib/python3/dist-packages/colcon_core/task/python/colcon_distutils_commands:/home/prukubt/agrirobot_ws/install/agrirobot_core/lib/python3.12/site-packages:${PYTHONPATH} VIRTUAL_ENV_PROMPT=(venv) /usr/bin/python3 -W ignore:setup.py install is deprecated -W ignore:easy_install command is deprecated setup.py develop --editable --build-directory /home/prukubt/agrirobot_ws/build/agrirobot_core/build --no-deps symlink_data
