[0.913s] Invoking command in '/home/prukubt/agrirobot_ws/src/agrirobot_core': PYTHONPATH=/home/prukubt/agrirobot_ws/build/agrirobot_core/prefix_override:/home/prukubt/venv/lib/python3.12/site-packages/colcon_core/task/python/colcon_distutils_commands:/home/prukubt/agrirobot_ws/install/agrirobot_core/lib/python3.12/site-packages:${PYTHONPATH} VIRTUAL_ENV_PROMPT=(venv) /home/prukubt/venv/bin/python3 -W ignore:setup.py install is deprecated -W ignore:easy_install command is deprecated setup.py egg_info --egg-base ../../build/agrirobot_core build --build-base /home/prukubt/agrirobot_ws/build/agrirobot_core/build install --record /home/prukubt/agrirobot_ws/build/agrirobot_core/install.log --single-version-externally-managed install_data
[1.227s] running egg_info
[1.245s] writing ../../build/agrirobot_core/agrirobot_core.egg-info/PKG-INFO
[1.245s] writing dependency_links to ../../build/agrirobot_core/agrirobot_core.egg-info/dependency_links.txt
[1.246s] writing entry points to ../../build/agrirobot_core/agrirobot_core.egg-info/entry_points.txt
[1.248s] writing requirements to ../../build/agrirobot_core/agrirobot_core.egg-info/requires.txt
[1.249s] writing top-level names to ../../build/agrirobot_core/agrirobot_core.egg-info/top_level.txt
[1.288s] reading manifest file '../../build/agrirobot_core/agrirobot_core.egg-info/SOURCES.txt'
[1.290s] writing manifest file '../../build/agrirobot_core/agrirobot_core.egg-info/SOURCES.txt'
[1.290s] running build
[1.290s] running build_py
[1.290s] copying agrirobot_core/main.py -> /home/prukubt/agrirobot_ws/build/agrirobot_core/build/lib/agrirobot_core
[1.291s] copying agrirobot_core/showcam.py -> /home/prukubt/agrirobot_ws/build/agrirobot_core/build/lib/agrirobot_core
[1.291s] copying agrirobot_core/MotorTest2.py -> /home/prukubt/agrirobot_ws/build/agrirobot_core/build/lib/agrirobot_core
[1.291s] copying agrirobot_core/__init__.py -> /home/prukubt/agrirobot_ws/build/agrirobot_core/build/lib/agrirobot_core
[1.292s] copying agrirobot_core/DiffdrivePublisher.py -> /home/prukubt/agrirobot_ws/build/agrirobot_core/build/lib/agrirobot_core
[1.292s] copying agrirobot_core/JoyStickPublisher.py -> /home/prukubt/agrirobot_ws/build/agrirobot_core/build/lib/agrirobot_core
[1.292s] running install
[1.300s] running install_lib
[1.319s] running install_data
[1.319s] copying resource/agrirobot_core -> /home/prukubt/agrirobot_ws/install/agrirobot_core/share/ament_index/resource_index/packages
[1.319s] copying package.xml -> /home/prukubt/agrirobot_ws/install/agrirobot_core/share/agrirobot_core
[1.320s] copying agrirobot_core/launch/ros_launch.py -> /home/prukubt/agrirobot_ws/install/agrirobot_core/share/agrirobot_core/launch
[1.320s] running install_egg_info
[1.338s] removing '/home/prukubt/agrirobot_ws/install/agrirobot_core/lib/python3.12/site-packages/agrirobot_core-0.0.0-py3.12.egg-info' (and everything under it)
[1.338s] Copying ../../build/agrirobot_core/agrirobot_core.egg-info to /home/prukubt/agrirobot_ws/install/agrirobot_core/lib/python3.12/site-packages/agrirobot_core-0.0.0-py3.12.egg-info
[1.340s] running install_scripts
[1.437s] Installing diffdrive_publisher script to /home/prukubt/agrirobot_ws/install/agrirobot_core/lib/agrirobot_core
[1.437s] writing list of installed files to '/home/prukubt/agrirobot_ws/build/agrirobot_core/install.log'
[1.512s] Invoked command in '/home/prukubt/agrirobot_ws/src/agrirobot_core' returned '0': PYTHONPATH=/home/prukubt/agrirobot_ws/build/agrirobot_core/prefix_override:/home/prukubt/venv/lib/python3.12/site-packages/colcon_core/task/python/colcon_distutils_commands:/home/prukubt/agrirobot_ws/install/agrirobot_core/lib/python3.12/site-packages:${PYTHONPATH} VIRTUAL_ENV_PROMPT=(venv) /home/prukubt/venv/bin/python3 -W ignore:setup.py install is deprecated -W ignore:easy_install command is deprecated setup.py egg_info --egg-base ../../build/agrirobot_core build --build-base /home/prukubt/agrirobot_ws/build/agrirobot_core/build install --record /home/prukubt/agrirobot_ws/build/agrirobot_core/install.log --single-version-externally-managed install_data
