/home/prukubt/agrirobot_ws/install/agrirobot_core/lib/python3.12/site-packages/agrirobot_core/main.py
/home/prukubt/agrirobot_ws/install/agrirobot_core/lib/python3.12/site-packages/agrirobot_core/showcam.py
/home/prukubt/agrirobot_ws/install/agrirobot_core/lib/python3.12/site-packages/agrirobot_core/MotorTest2.py
/home/prukubt/agrirobot_ws/install/agrirobot_core/lib/python3.12/site-packages/agrirobot_core/__init__.py
/home/prukubt/agrirobot_ws/install/agrirobot_core/lib/python3.12/site-packages/agrirobot_core/DiffdrivePublisher.py
/home/prukubt/agrirobot_ws/install/agrirobot_core/lib/python3.12/site-packages/agrirobot_core/JoyStickPublisher.py
/home/prukubt/agrirobot_ws/install/agrirobot_core/lib/python3.12/site-packages/agrirobot_core/__pycache__/main.cpython-312.pyc
/home/prukubt/agrirobot_ws/install/agrirobot_core/lib/python3.12/site-packages/agrirobot_core/__pycache__/showcam.cpython-312.pyc
/home/prukubt/agrirobot_ws/install/agrirobot_core/lib/python3.12/site-packages/agrirobot_core/__pycache__/MotorTest2.cpython-312.pyc
/home/prukubt/agrirobot_ws/install/agrirobot_core/lib/python3.12/site-packages/agrirobot_core/__pycache__/__init__.cpython-312.pyc
/home/prukubt/agrirobot_ws/install/agrirobot_core/lib/python3.12/site-packages/agrirobot_core/__pycache__/DiffdrivePublisher.cpython-312.pyc
/home/prukubt/agrirobot_ws/install/agrirobot_core/lib/python3.12/site-packages/agrirobot_core/__pycache__/JoyStickPublisher.cpython-312.pyc
/home/prukubt/agrirobot_ws/install/agrirobot_core/share/ament_index/resource_index/packages/agrirobot_core
/home/prukubt/agrirobot_ws/install/agrirobot_core/share/agrirobot_core/package.xml
/home/prukubt/agrirobot_ws/install/agrirobot_core/share/agrirobot_core/launch
/home/prukubt/agrirobot_ws/install/agrirobot_core/lib/python3.12/site-packages/agrirobot_core-0.0.0-py3.12.egg-info/zip-safe
/home/prukubt/agrirobot_ws/install/agrirobot_core/lib/python3.12/site-packages/agrirobot_core-0.0.0-py3.12.egg-info/SOURCES.txt
/home/prukubt/agrirobot_ws/install/agrirobot_core/lib/python3.12/site-packages/agrirobot_core-0.0.0-py3.12.egg-info/top_level.txt
/home/prukubt/agrirobot_ws/install/agrirobot_core/lib/python3.12/site-packages/agrirobot_core-0.0.0-py3.12.egg-info/PKG-INFO
/home/prukubt/agrirobot_ws/install/agrirobot_core/lib/python3.12/site-packages/agrirobot_core-0.0.0-py3.12.egg-info/entry_points.txt
/home/prukubt/agrirobot_ws/install/agrirobot_core/lib/python3.12/site-packages/agrirobot_core-0.0.0-py3.12.egg-info/requires.txt
/home/prukubt/agrirobot_ws/install/agrirobot_core/lib/python3.12/site-packages/agrirobot_core-0.0.0-py3.12.egg-info/dependency_links.txt
/home/prukubt/agrirobot_ws/install/agrirobot_core/lib/agrirobot_core/diffdrive_publisher
/home/prukubt/agrirobot_ws/install/agrirobot_core/lib/agrirobot_core/joystick_publisher
