running egg_info
writing ../../build/agrirobot_core/agrirobot_core.egg-info/PKG-INFO
writing dependency_links to ../../build/agrirobot_core/agrirobot_core.egg-info/dependency_links.txt
writing entry points to ../../build/agrirobot_core/agrirobot_core.egg-info/entry_points.txt
writing requirements to ../../build/agrirobot_core/agrirobot_core.egg-info/requires.txt
writing top-level names to ../../build/agrirobot_core/agrirobot_core.egg-info/top_level.txt
reading manifest file '../../build/agrirobot_core/agrirobot_core.egg-info/SOURCES.txt'
writing manifest file '../../build/agrirobot_core/agrirobot_core.egg-info/SOURCES.txt'
running build
running build_py
running install
running install_lib
running install_data
copying agrirobot_core/launch/ros_launch.py -> /home/prukubt/agrirobot_ws/install/agrirobot_core/share/agrirobot_core/launch
running install_egg_info
removing '/home/prukubt/agrirobot_ws/install/agrirobot_core/lib/python3.12/site-packages/agrirobot_core-0.0.0-py3.12.egg-info' (and everything under it)
Copying ../../build/agrirobot_core/agrirobot_core.egg-info to /home/prukubt/agrirobot_ws/install/agrirobot_core/lib/python3.12/site-packages/agrirobot_core-0.0.0-py3.12.egg-info
running install_scripts
Installing DiffdrivePublisher script to /home/prukubt/agrirobot_ws/install/agrirobot_core/lib/agrirobot_core
writing list of installed files to '/home/prukubt/agrirobot_ws/build/agrirobot_core/install.log'
