[0.947s] Invoking command in '/home/prukubt/agrirobot_ws/src/agrirobot_core': PYTHONPATH=/home/prukubt/agrirobot_ws/build/agrirobot_core/prefix_override:/home/prukubt/venv/lib/python3.12/site-packages/colcon_core/task/python/colcon_distutils_commands:/home/prukubt/agrirobot_ws/install/agrirobot_core/lib/python3.12/site-packages:${PYTHONPATH} VIRTUAL_ENV_PROMPT=(venv) /home/prukubt/venv/bin/python3 -W ignore:setup.py install is deprecated -W ignore:easy_install command is deprecated setup.py egg_info --egg-base ../../build/agrirobot_core build --build-base /home/prukubt/agrirobot_ws/build/agrirobot_core/build install --record /home/prukubt/agrirobot_ws/build/agrirobot_core/install.log --single-version-externally-managed install_data
[1.264s] running egg_info
[1.281s] writing ../../build/agrirobot_core/agrirobot_core.egg-info/PKG-INFO
[1.282s] writing dependency_links to ../../build/agrirobot_core/agrirobot_core.egg-info/dependency_links.txt
[1.286s] writing entry points to ../../build/agrirobot_core/agrirobot_core.egg-info/entry_points.txt
[1.289s] writing requirements to ../../build/agrirobot_core/agrirobot_core.egg-info/requires.txt
[1.294s] writing top-level names to ../../build/agrirobot_core/agrirobot_core.egg-info/top_level.txt
[1.343s] reading manifest file '../../build/agrirobot_core/agrirobot_core.egg-info/SOURCES.txt'
[1.345s] writing manifest file '../../build/agrirobot_core/agrirobot_core.egg-info/SOURCES.txt'
[1.345s] running build
[1.346s] running build_py
[1.348s] copying agrirobot_core/main.py -> /home/prukubt/agrirobot_ws/build/agrirobot_core/build/lib/agrirobot_core
[1.348s] copying agrirobot_core/showcam.py -> /home/prukubt/agrirobot_ws/build/agrirobot_core/build/lib/agrirobot_core
[1.348s] copying agrirobot_core/MotorTest2.py -> /home/prukubt/agrirobot_ws/build/agrirobot_core/build/lib/agrirobot_core
[1.348s] copying agrirobot_core/__init__.py -> /home/prukubt/agrirobot_ws/build/agrirobot_core/build/lib/agrirobot_core
[1.348s] copying agrirobot_core/DiffdrivePublisher.py -> /home/prukubt/agrirobot_ws/build/agrirobot_core/build/lib/agrirobot_core
[1.348s] copying agrirobot_core/JoyStickPublisher.py -> /home/prukubt/agrirobot_ws/build/agrirobot_core/build/lib/agrirobot_core
[1.348s] running install
[1.355s] running install_lib
[1.374s] copying /home/prukubt/agrirobot_ws/build/agrirobot_core/build/lib/agrirobot_core/DiffdrivePublisher.py -> /home/prukubt/agrirobot_ws/install/agrirobot_core/lib/python3.12/site-packages/agrirobot_core
[1.374s] byte-compiling /home/prukubt/agrirobot_ws/install/agrirobot_core/lib/python3.12/site-packages/agrirobot_core/DiffdrivePublisher.py to DiffdrivePublisher.cpython-312.pyc
[1.376s] running install_data
[1.376s] copying package.xml -> /home/prukubt/agrirobot_ws/install/agrirobot_core/share/agrirobot_core
[1.376s] running install_egg_info
[1.394s] removing '/home/prukubt/agrirobot_ws/install/agrirobot_core/lib/python3.12/site-packages/agrirobot_core-0.0.0-py3.12.egg-info' (and everything under it)
[1.395s] Copying ../../build/agrirobot_core/agrirobot_core.egg-info to /home/prukubt/agrirobot_ws/install/agrirobot_core/lib/python3.12/site-packages/agrirobot_core-0.0.0-py3.12.egg-info
[1.396s] running install_scripts
[1.494s] Installing diffdrive_publisher script to /home/prukubt/agrirobot_ws/install/agrirobot_core/lib/agrirobot_core
[1.495s] Installing joystick_publisher script to /home/prukubt/agrirobot_ws/install/agrirobot_core/lib/agrirobot_core
[1.505s] writing list of installed files to '/home/prukubt/agrirobot_ws/build/agrirobot_core/install.log'
[1.589s] Invoked command in '/home/prukubt/agrirobot_ws/src/agrirobot_core' returned '0': PYTHONPATH=/home/prukubt/agrirobot_ws/build/agrirobot_core/prefix_override:/home/prukubt/venv/lib/python3.12/site-packages/colcon_core/task/python/colcon_distutils_commands:/home/prukubt/agrirobot_ws/install/agrirobot_core/lib/python3.12/site-packages:${PYTHONPATH} VIRTUAL_ENV_PROMPT=(venv) /home/prukubt/venv/bin/python3 -W ignore:setup.py install is deprecated -W ignore:easy_install command is deprecated setup.py egg_info --egg-base ../../build/agrirobot_core build --build-base /home/prukubt/agrirobot_ws/build/agrirobot_core/build install --record /home/prukubt/agrirobot_ws/build/agrirobot_core/install.log --single-version-externally-managed install_data
